;  LST file generated by mikroListExporter - v.2.0 
; Date/Time: 10/09/2016 01:25:30
;----------------------------------------------

;Address Opcode 	ASM
0x0000	0x2A6D      	GOTO       621
_interrupt:
0x0004	0x00FF      	MOVWF      R15
0x0005	0x0E03      	SWAPF      STATUS, 0
0x0006	0x0183      	CLRF       STATUS
0x0007	0x1683      	BSF        STATUS, 5
0x0008	0x00D3      	MOVWF      ___saveSTATUS
0x0009	0x080A      	MOVF       PCLATH, 0
0x000A	0x00D4      	MOVWF      ___savePCLATH
0x000B	0x018A      	CLRF       PCLATH
;receptor.c,32 :: 		void interrupt(){
;receptor.c,34 :: 		if(INTF_bit){                  //Flag do RB0/int
0x000C	0x1C8B      	BTFSS      INTF_bit, 1
0x000D	0x2812      	GOTO       L_interrupt0
;receptor.c,35 :: 		INTF_bit = 0;
0x000E	0x108B      	BCF        INTF_bit, 1
;receptor.c,36 :: 		flag = 1;
0x000F	0x3001      	MOVLW      1
0x0010	0x1283      	BCF        STATUS, 5
0x0011	0x00E5      	MOVWF      _flag
;receptor.c,37 :: 		}
L_interrupt0:
;receptor.c,38 :: 		}
L__interrupt18:
0x0012	0x1683      	BSF        STATUS, 5
0x0013	0x0854      	MOVF       ___savePCLATH, 0
0x0014	0x008A      	MOVWF      PCLATH
0x0015	0x0E53      	SWAPF      ___saveSTATUS, 0
0x0016	0x0083      	MOVWF      STATUS
0x0017	0x0EFF      	SWAPF      R15, 1
0x0018	0x0E7F      	SWAPF      R15, 0
0x0019	0x0009      	RETFIE
; end of _interrupt
_Delay_1us:
;__Lib_Delays.c,7 :: 		void Delay_1us() {
;__Lib_Delays.c,8 :: 		Delay_us(1);
0x001A	0x0000      	NOP
0x001B	0x0000      	NOP
0x001C	0x0000      	NOP
0x001D	0x0000      	NOP
0x001E	0x0000      	NOP
;__Lib_Delays.c,9 :: 		}
0x001F	0x0008      	RETURN
; end of _Delay_1us
_Delay_50us:
;__Lib_Delays.c,19 :: 		void Delay_50us() {
;__Lib_Delays.c,20 :: 		Delay_us(50);
0x0020	0x3053      	MOVLW      83
0x0021	0x1283      	BCF        STATUS, 5
0x0022	0x1303      	BCF        STATUS, 6
0x0023	0x00FD      	MOVWF      R13
L_Delay_50us2:
0x0024	0x0BFD      	DECFSZ     R13, 1
0x0025	0x2824      	GOTO       L_Delay_50us2
;__Lib_Delays.c,21 :: 		}
0x0026	0x0008      	RETURN
; end of _Delay_50us
_Delay_5500us:
;__Lib_Delays.c,31 :: 		void Delay_5500us() {
;__Lib_Delays.c,32 :: 		Delay_us(5500);
0x0027	0x3024      	MOVLW      36
0x0028	0x1283      	BCF        STATUS, 5
0x0029	0x1303      	BCF        STATUS, 6
0x002A	0x00FC      	MOVWF      R12
0x002B	0x30B5      	MOVLW      181
0x002C	0x00FD      	MOVWF      R13
L_Delay_5500us5:
0x002D	0x0BFD      	DECFSZ     R13, 1
0x002E	0x282D      	GOTO       L_Delay_5500us5
0x002F	0x0BFC      	DECFSZ     R12, 1
0x0030	0x282D      	GOTO       L_Delay_5500us5
0x0031	0x0000      	NOP
0x0032	0x0000      	NOP
;__Lib_Delays.c,33 :: 		}
0x0033	0x0008      	RETURN
; end of _Delay_5500us
_SETFOV32:
;__Lib_MathDouble.c,79 :: 		
;__Lib_MathDouble.c,86 :: 		
0x0034	0x14FB      	BSF        R11, 1
;__Lib_MathDouble.c,87 :: 		
0x0035	0x1FFB      	BTFSS      R11, 7
;__Lib_MathDouble.c,88 :: 		
0x0036	0x283E      	GOTO       SETFOV32EEE
;__Lib_MathDouble.c,89 :: 		
0x0037	0x30FF      	MOVLW      255
;__Lib_MathDouble.c,90 :: 		
0x0038	0x00F3      	MOVWF      R3
;__Lib_MathDouble.c,91 :: 		
0x0039	0x00F2      	MOVWF      R2
;__Lib_MathDouble.c,92 :: 		
0x003A	0x00F1      	MOVWF      R1
;__Lib_MathDouble.c,93 :: 		
0x003B	0x00F0      	MOVWF      R0
;__Lib_MathDouble.c,94 :: 		
0x003C	0x0DFA      	RLF        R10, 1
;__Lib_MathDouble.c,95 :: 		
0x003D	0x0CF2      	RRF        R2, 1
;__Lib_MathDouble.c,96 :: 		
SETFOV32EEE:
;__Lib_MathDouble.c,97 :: 		
0x003E	0x30FF      	MOVLW      255
;__Lib_MathDouble.c,99 :: 		
0x003F	0x0008      	RETURN
; end of _SETFOV32
_RES032:
;__Lib_MathDouble.c,123 :: 		
;__Lib_MathDouble.c,128 :: 		
0x0040	0x01F2      	CLRF       R2
;__Lib_MathDouble.c,129 :: 		
0x0041	0x01F1      	CLRF       R1
;__Lib_MathDouble.c,130 :: 		
0x0042	0x01F0      	CLRF       R0
;__Lib_MathDouble.c,131 :: 		
0x0043	0x01F8      	CLRF       R8
;__Lib_MathDouble.c,132 :: 		
0x0044	0x01F3      	CLRF       R3
;__Lib_MathDouble.c,133 :: 		
0x0045	0x3000      	MOVLW      0
;__Lib_MathDouble.c,135 :: 		
0x0046	0x0008      	RETURN
; end of _RES032
_FIXSIGN32:
;__Lib_MathDouble.c,112 :: 		
;__Lib_MathDouble.c,116 :: 		
0x0047	0x1FFA      	BTFSS      R10, 7
;__Lib_MathDouble.c,117 :: 		
0x0048	0x13F2      	BCF        R2, 7
;__Lib_MathDouble.c,118 :: 		
0x0049	0x3000      	MOVLW      0
;__Lib_MathDouble.c,120 :: 		
0x004A	0x0008      	RETURN
; end of _FIXSIGN32
_Lcd_Cmd:
;__Lib_Lcd.c,18 :: 		
;__Lib_Lcd.c,20 :: 		
0x004B	0x1683      	BSF        STATUS, 5
0x004C	0x1303      	BCF        STATUS, 6
0x004D	0x1BDB      	BTFSC      FARG_Lcd_Cmd_out_char, 7
0x004E	0x2852      	GOTO       L__Lcd_Cmd20
0x004F	0x1283      	BCF        STATUS, 5
0x0050	0x1388      	BCF        LCD_D7, BitPos(LCD_D7+0)
0x0051	0x2854      	GOTO       L__Lcd_Cmd21
L__Lcd_Cmd20:
0x0052	0x1283      	BCF        STATUS, 5
0x0053	0x1788      	BSF        LCD_D7, BitPos(LCD_D7+0)
L__Lcd_Cmd21:
;__Lib_Lcd.c,21 :: 		
0x0054	0x1683      	BSF        STATUS, 5
0x0055	0x1B5B      	BTFSC      FARG_Lcd_Cmd_out_char, 6
0x0056	0x285A      	GOTO       L__Lcd_Cmd22
0x0057	0x1283      	BCF        STATUS, 5
0x0058	0x1308      	BCF        LCD_D6, BitPos(LCD_D6+0)
0x0059	0x285C      	GOTO       L__Lcd_Cmd23
L__Lcd_Cmd22:
0x005A	0x1283      	BCF        STATUS, 5
0x005B	0x1708      	BSF        LCD_D6, BitPos(LCD_D6+0)
L__Lcd_Cmd23:
;__Lib_Lcd.c,22 :: 		
0x005C	0x1683      	BSF        STATUS, 5
0x005D	0x1ADB      	BTFSC      FARG_Lcd_Cmd_out_char, 5
0x005E	0x2862      	GOTO       L__Lcd_Cmd24
0x005F	0x1283      	BCF        STATUS, 5
0x0060	0x1288      	BCF        LCD_D5, BitPos(LCD_D5+0)
0x0061	0x2864      	GOTO       L__Lcd_Cmd25
L__Lcd_Cmd24:
0x0062	0x1283      	BCF        STATUS, 5
0x0063	0x1688      	BSF        LCD_D5, BitPos(LCD_D5+0)
L__Lcd_Cmd25:
;__Lib_Lcd.c,23 :: 		
0x0064	0x1683      	BSF        STATUS, 5
0x0065	0x1A5B      	BTFSC      FARG_Lcd_Cmd_out_char, 4
0x0066	0x286A      	GOTO       L__Lcd_Cmd26
0x0067	0x1283      	BCF        STATUS, 5
0x0068	0x1208      	BCF        LCD_D4, BitPos(LCD_D4+0)
0x0069	0x286C      	GOTO       L__Lcd_Cmd27
L__Lcd_Cmd26:
0x006A	0x1283      	BCF        STATUS, 5
0x006B	0x1608      	BSF        LCD_D4, BitPos(LCD_D4+0)
L__Lcd_Cmd27:
;__Lib_Lcd.c,25 :: 		
0x006C	0x1683      	BSF        STATUS, 5
0x006D	0x1850      	BTFSC      __Lib_Lcd_cmd_status, BitPos(__Lib_Lcd_cmd_status+0)
0x006E	0x2872      	GOTO       L__Lcd_Cmd28
0x006F	0x1283      	BCF        STATUS, 5
0x0070	0x1508      	BSF        LCD_RS, BitPos(LCD_RS+0)
0x0071	0x2874      	GOTO       L__Lcd_Cmd29
L__Lcd_Cmd28:
0x0072	0x1283      	BCF        STATUS, 5
0x0073	0x1108      	BCF        LCD_RS, BitPos(LCD_RS+0)
L__Lcd_Cmd29:
;__Lib_Lcd.c,28 :: 		
0x0074	0x1588      	BSF        LCD_EN, BitPos(LCD_EN+0)
;__Lib_Lcd.c,29 :: 		
0x0075	0x201A      	CALL       _Delay_1us
;__Lib_Lcd.c,30 :: 		
0x0076	0x1188      	BCF        LCD_EN, BitPos(LCD_EN+0)
;__Lib_Lcd.c,33 :: 		
0x0077	0x1683      	BSF        STATUS, 5
0x0078	0x19DB      	BTFSC      FARG_Lcd_Cmd_out_char, 3
0x0079	0x287D      	GOTO       L__Lcd_Cmd30
0x007A	0x1283      	BCF        STATUS, 5
0x007B	0x1388      	BCF        LCD_D7, BitPos(LCD_D7+0)
0x007C	0x287F      	GOTO       L__Lcd_Cmd31
L__Lcd_Cmd30:
0x007D	0x1283      	BCF        STATUS, 5
0x007E	0x1788      	BSF        LCD_D7, BitPos(LCD_D7+0)
L__Lcd_Cmd31:
;__Lib_Lcd.c,34 :: 		
0x007F	0x1683      	BSF        STATUS, 5
0x0080	0x195B      	BTFSC      FARG_Lcd_Cmd_out_char, 2
0x0081	0x2885      	GOTO       L__Lcd_Cmd32
0x0082	0x1283      	BCF        STATUS, 5
0x0083	0x1308      	BCF        LCD_D6, BitPos(LCD_D6+0)
0x0084	0x2887      	GOTO       L__Lcd_Cmd33
L__Lcd_Cmd32:
0x0085	0x1283      	BCF        STATUS, 5
0x0086	0x1708      	BSF        LCD_D6, BitPos(LCD_D6+0)
L__Lcd_Cmd33:
;__Lib_Lcd.c,35 :: 		
0x0087	0x1683      	BSF        STATUS, 5
0x0088	0x18DB      	BTFSC      FARG_Lcd_Cmd_out_char, 1
0x0089	0x288D      	GOTO       L__Lcd_Cmd34
0x008A	0x1283      	BCF        STATUS, 5
0x008B	0x1288      	BCF        LCD_D5, BitPos(LCD_D5+0)
0x008C	0x288F      	GOTO       L__Lcd_Cmd35
L__Lcd_Cmd34:
0x008D	0x1283      	BCF        STATUS, 5
0x008E	0x1688      	BSF        LCD_D5, BitPos(LCD_D5+0)
L__Lcd_Cmd35:
;__Lib_Lcd.c,36 :: 		
0x008F	0x1683      	BSF        STATUS, 5
0x0090	0x185B      	BTFSC      FARG_Lcd_Cmd_out_char, 0
0x0091	0x2895      	GOTO       L__Lcd_Cmd36
0x0092	0x1283      	BCF        STATUS, 5
0x0093	0x1208      	BCF        LCD_D4, BitPos(LCD_D4+0)
0x0094	0x2897      	GOTO       L__Lcd_Cmd37
L__Lcd_Cmd36:
0x0095	0x1283      	BCF        STATUS, 5
0x0096	0x1608      	BSF        LCD_D4, BitPos(LCD_D4+0)
L__Lcd_Cmd37:
;__Lib_Lcd.c,38 :: 		
0x0097	0x1683      	BSF        STATUS, 5
0x0098	0x1850      	BTFSC      __Lib_Lcd_cmd_status, BitPos(__Lib_Lcd_cmd_status+0)
0x0099	0x289D      	GOTO       L__Lcd_Cmd38
0x009A	0x1283      	BCF        STATUS, 5
0x009B	0x1508      	BSF        LCD_RS, BitPos(LCD_RS+0)
0x009C	0x289F      	GOTO       L__Lcd_Cmd39
L__Lcd_Cmd38:
0x009D	0x1283      	BCF        STATUS, 5
0x009E	0x1108      	BCF        LCD_RS, BitPos(LCD_RS+0)
L__Lcd_Cmd39:
;__Lib_Lcd.c,40 :: 		
0x009F	0x1588      	BSF        LCD_EN, BitPos(LCD_EN+0)
;__Lib_Lcd.c,41 :: 		
0x00A0	0x201A      	CALL       _Delay_1us
;__Lib_Lcd.c,42 :: 		
0x00A1	0x1188      	BCF        LCD_EN, BitPos(LCD_EN+0)
;__Lib_Lcd.c,44 :: 		
0x00A2	0x1683      	BSF        STATUS, 5
0x00A3	0x1C50      	BTFSS      __Lib_Lcd_cmd_status, BitPos(__Lib_Lcd_cmd_status+0)
0x00A4	0x28A7      	GOTO       L_Lcd_Cmd0
;__Lib_Lcd.c,45 :: 		
0x00A5	0x2027      	CALL       _Delay_5500us
0x00A6	0x28A8      	GOTO       L_Lcd_Cmd1
L_Lcd_Cmd0:
;__Lib_Lcd.c,47 :: 		
0x00A7	0x2020      	CALL       _Delay_50us
L_Lcd_Cmd1:
;__Lib_Lcd.c,48 :: 		
0x00A8	0x0008      	RETURN
; end of _Lcd_Cmd
_SETFUN32:
;__Lib_MathDouble.c,138 :: 		
;__Lib_MathDouble.c,145 :: 		
0x00A9	0x157B      	BSF        R11, 2
;__Lib_MathDouble.c,146 :: 		
0x00AA	0x1FFB      	BTFSS      R11, 7
;__Lib_MathDouble.c,147 :: 		
0x00AB	0x28B3      	GOTO       SETFUN32EEE
;__Lib_MathDouble.c,148 :: 		
0x00AC	0x3001      	MOVLW      1
;__Lib_MathDouble.c,149 :: 		
0x00AD	0x00F3      	MOVWF      R3
;__Lib_MathDouble.c,150 :: 		
0x00AE	0x01F2      	CLRF       R2
;__Lib_MathDouble.c,151 :: 		
0x00AF	0x01F1      	CLRF       R1
;__Lib_MathDouble.c,152 :: 		
0x00B0	0x01F0      	CLRF       R0
;__Lib_MathDouble.c,153 :: 		
0x00B1	0x0DFA      	RLF        R10, 1
;__Lib_MathDouble.c,154 :: 		
0x00B2	0x0CF2      	RRF        R2, 1
;__Lib_MathDouble.c,155 :: 		
SETFUN32EEE:
;__Lib_MathDouble.c,156 :: 		
0x00B3	0x30FF      	MOVLW      255
;__Lib_MathDouble.c,158 :: 		
0x00B4	0x0008      	RETURN
; end of _SETFUN32
_SPI1_Write:
;__Lib_SPI_c345.c,67 :: 		
;__Lib_SPI_c345.c,70 :: 		
0x00B5	0x1683      	BSF        STATUS, 5
0x00B6	0x1303      	BCF        STATUS, 6
0x00B7	0x085A      	MOVF       FARG_SPI1_Write_data_, 0
0x00B8	0x1283      	BCF        STATUS, 5
0x00B9	0x0093      	MOVWF      SSPBUF
;__Lib_SPI_c345.c,71 :: 		
L_SPI1_Write8:
0x00BA	0x1683      	BSF        STATUS, 5
0x00BB	0x1814      	BTFSC      SSPSTAT, 0
0x00BC	0x28BF      	GOTO       L_SPI1_Write9
;__Lib_SPI_c345.c,72 :: 		
0x00BD	0x0000      	NOP
0x00BE	0x28BA      	GOTO       L_SPI1_Write8
L_SPI1_Write9:
;__Lib_SPI_c345.c,73 :: 		
0x00BF	0x1283      	BCF        STATUS, 5
0x00C0	0x0813      	MOVF       SSPBUF, 0
0x00C1	0x00F0      	MOVWF      R0
;__Lib_SPI_c345.c,75 :: 		
0x00C2	0x0008      	RETURN
; end of _SPI1_Write
_Lcd_Chr_CP:
;__Lib_Lcd.c,50 :: 		
;__Lib_Lcd.c,52 :: 		
0x00C3	0x1683      	BSF        STATUS, 5
0x00C4	0x1303      	BCF        STATUS, 6
0x00C5	0x1050      	BCF        __Lib_Lcd_cmd_status, BitPos(__Lib_Lcd_cmd_status+0)
;__Lib_Lcd.c,53 :: 		
0x00C6	0x085A      	MOVF       FARG_Lcd_Chr_CP_out_char, 0
0x00C7	0x00DB      	MOVWF      FARG_Lcd_Cmd_out_char
0x00C8	0x204B      	CALL       _Lcd_Cmd
;__Lib_Lcd.c,54 :: 		
0x00C9	0x1683      	BSF        STATUS, 5
0x00CA	0x1450      	BSF        __Lib_Lcd_cmd_status, BitPos(__Lib_Lcd_cmd_status+0)
;__Lib_Lcd.c,55 :: 		
0x00CB	0x0008      	RETURN
; end of _Lcd_Chr_CP
_____DoICP:
;__Lib_System.c,6 :: 		
;__Lib_System.c,9 :: 		
0x00CC	0x1683      	BSF        STATUS, 5
0x00CD	0x1303      	BCF        STATUS, 6
0x00CE	0x0852      	MOVF       ___DoICPAddr+1, 0
0x00CF	0x008A      	MOVWF      PCLATH
;__Lib_System.c,10 :: 		
0x00D0	0x0851      	MOVF       ___DoICPAddr, 0
0x00D1	0x0082      	MOVWF      PCL
;__Lib_System.c,12 :: 		
0x00D2	0x0008      	RETURN
; end of _____DoICP
_NRM4032:
;__Lib_MathDouble.c,245 :: 		
;__Lib_MathDouble.c,252 :: 		
;__Lib_MathDouble.c,254 :: 		
0x00D3	0x187C      	BTFSC      R12, 0
;__Lib_MathDouble.c,255 :: 		
0x00D4	0x2909      	GOTO       NRMRND4032
;__Lib_MathDouble.c,256 :: 		
0x00D5	0x18FC      	BTFSC      R12, 1
;__Lib_MathDouble.c,257 :: 		
0x00D6	0x28DA      	GOTO       NRM4032
;__Lib_MathDouble.c,258 :: 		
0x00D7	0x197C      	BTFSC      R12, 2
;__Lib_MathDouble.c,259 :: 		
0x00D8	0x2928      	GOTO       JMPSETFOV32
;__Lib_MathDouble.c,260 :: 		
0x00D9	0x28D3      	GOTO       $-6
;__Lib_MathDouble.c,261 :: 		
NRM4032:
;__Lib_MathDouble.c,262 :: 		
0x00DA	0x01A0      	CLRF       __math_tempbD
;__Lib_MathDouble.c,263 :: 		
0x00DB	0x0872      	MOVF       R2, 0
;__Lib_MathDouble.c,264 :: 		
0x00DC	0x1D03      	BTFSS      STATUS, 2
;__Lib_MathDouble.c,265 :: 		
0x00DD	0x28FA      	GOTO       NORM4032
;__Lib_MathDouble.c,266 :: 		
0x00DE	0x0871      	MOVF       R1, 0
;__Lib_MathDouble.c,267 :: 		
0x00DF	0x00F2      	MOVWF      R2
;__Lib_MathDouble.c,268 :: 		
0x00E0	0x0870      	MOVF       R0, 0
;__Lib_MathDouble.c,269 :: 		
0x00E1	0x00F1      	MOVWF      R1
;__Lib_MathDouble.c,270 :: 		
0x00E2	0x0878      	MOVF       R8, 0
;__Lib_MathDouble.c,271 :: 		
0x00E3	0x00F0      	MOVWF      R0
;__Lib_MathDouble.c,272 :: 		
0x00E4	0x01F8      	CLRF       R8
;__Lib_MathDouble.c,273 :: 		
0x00E5	0x15A0      	BSF        __math_tempbD, 3
;__Lib_MathDouble.c,275 :: 		
0x00E6	0x0872      	MOVF       R2, 0
;__Lib_MathDouble.c,276 :: 		
0x00E7	0x1D03      	BTFSS      STATUS, 2
;__Lib_MathDouble.c,277 :: 		
0x00E8	0x28FA      	GOTO       NORM4032
;__Lib_MathDouble.c,278 :: 		
0x00E9	0x0871      	MOVF       R1, 0
;__Lib_MathDouble.c,279 :: 		
0x00EA	0x00F2      	MOVWF      R2
;__Lib_MathDouble.c,280 :: 		
0x00EB	0x0870      	MOVF       R0, 0
;__Lib_MathDouble.c,281 :: 		
0x00EC	0x00F1      	MOVWF      R1
;__Lib_MathDouble.c,282 :: 		
0x00ED	0x01F0      	CLRF       R0
;__Lib_MathDouble.c,283 :: 		
0x00EE	0x11A0      	BCF        __math_tempbD, 3
;__Lib_MathDouble.c,284 :: 		
0x00EF	0x1620      	BSF        __math_tempbD, 4
;__Lib_MathDouble.c,286 :: 		
0x00F0	0x0872      	MOVF       R2, 0
;__Lib_MathDouble.c,287 :: 		
0x00F1	0x1D03      	BTFSS      STATUS, 2
;__Lib_MathDouble.c,288 :: 		
0x00F2	0x28FA      	GOTO       NORM4032
;__Lib_MathDouble.c,289 :: 		
0x00F3	0x0871      	MOVF       R1, 0
;__Lib_MathDouble.c,290 :: 		
0x00F4	0x00F2      	MOVWF      R2
;__Lib_MathDouble.c,291 :: 		
0x00F5	0x01F1      	CLRF       R1
;__Lib_MathDouble.c,292 :: 		
0x00F6	0x15A0      	BSF        __math_tempbD, 3
;__Lib_MathDouble.c,294 :: 		
0x00F7	0x0872      	MOVF       R2, 0
;__Lib_MathDouble.c,295 :: 		
0x00F8	0x1903      	BTFSC      STATUS, 2
;__Lib_MathDouble.c,296 :: 		
0x00F9	0x291C      	GOTO       JMPRES032
;__Lib_MathDouble.c,297 :: 		
NORM4032:
;__Lib_MathDouble.c,298 :: 		
0x00FA	0x0820      	MOVF       __math_tempbD, 0
;__Lib_MathDouble.c,299 :: 		
0x00FB	0x02F3      	SUBWF      R3, 1
;__Lib_MathDouble.c,300 :: 		
0x00FC	0x1D03      	BTFSS      STATUS, 2
;__Lib_MathDouble.c,301 :: 		
0x00FD	0x1C03      	BTFSS      STATUS, 0
;__Lib_MathDouble.c,302 :: 		
0x00FE	0x2920      	GOTO       JMPSETFUN32
;__Lib_MathDouble.c,303 :: 		
0x00FF	0x1003      	BCF        STATUS, 0
;__Lib_MathDouble.c,304 :: 		
NORM4032A:
;__Lib_MathDouble.c,305 :: 		
0x0100	0x1BF2      	BTFSC      R2, 7
;__Lib_MathDouble.c,306 :: 		
0x0101	0x2909      	GOTO       NRMRND4032
;__Lib_MathDouble.c,307 :: 		
0x0102	0x0DF8      	RLF        R8, 1
;__Lib_MathDouble.c,308 :: 		
0x0103	0x0DF0      	RLF        R0, 1
;__Lib_MathDouble.c,309 :: 		
0x0104	0x0DF1      	RLF        R1, 1
;__Lib_MathDouble.c,310 :: 		
0x0105	0x0DF2      	RLF        R2, 1
;__Lib_MathDouble.c,311 :: 		
0x0106	0x0BF3      	DECFSZ     R3, 1
;__Lib_MathDouble.c,312 :: 		
0x0107	0x2900      	GOTO       NORM4032A
;__Lib_MathDouble.c,313 :: 		
0x0108	0x2920      	GOTO       JMPSETFUN32
;__Lib_MathDouble.c,314 :: 		
NRMRND4032:
;__Lib_MathDouble.c,315 :: 		
0x0109	0x1B7B      	BTFSC      R11, 6
;__Lib_MathDouble.c,316 :: 		
0x010A	0x1C70      	BTFSS      R0, 0
;__Lib_MathDouble.c,317 :: 		
0x010B	0x2924      	GOTO       JMPFIXSIGN32
;__Lib_MathDouble.c,318 :: 		
0x010C	0x1FF8      	BTFSS      R8, 7
;__Lib_MathDouble.c,319 :: 		
0x010D	0x2924      	GOTO       JMPFIXSIGN32
;__Lib_MathDouble.c,320 :: 		
0x010E	0x0AF0      	INCF       R0, 1
;__Lib_MathDouble.c,321 :: 		
0x010F	0x1903      	BTFSC      STATUS, 2
;__Lib_MathDouble.c,322 :: 		
0x0110	0x0AF1      	INCF       R1, 1
;__Lib_MathDouble.c,323 :: 		
0x0111	0x1903      	BTFSC      STATUS, 2
;__Lib_MathDouble.c,324 :: 		
0x0112	0x0AF2      	INCF       R2, 1
;__Lib_MathDouble.c,325 :: 		
0x0113	0x1D03      	BTFSS      STATUS, 2
;__Lib_MathDouble.c,326 :: 		
0x0114	0x2924      	GOTO       JMPFIXSIGN32
;__Lib_MathDouble.c,327 :: 		
0x0115	0x0CF2      	RRF        R2, 1
;__Lib_MathDouble.c,328 :: 		
0x0116	0x0CF1      	RRF        R1, 1
;__Lib_MathDouble.c,329 :: 		
0x0117	0x0CF0      	RRF        R0, 1
;__Lib_MathDouble.c,330 :: 		
0x0118	0x0AF3      	INCF       R3, 1
;__Lib_MathDouble.c,331 :: 		
0x0119	0x1903      	BTFSC      STATUS, 2
;__Lib_MathDouble.c,332 :: 		
0x011A	0x2928      	GOTO       JMPSETFOV32
;__Lib_MathDouble.c,333 :: 		
0x011B	0x2924      	GOTO       JMPFIXSIGN32
;__Lib_MathDouble.c,334 :: 		
JMPRES032:
;__Lib_MathDouble.c,335 :: 		
0x011C	0x3001      	MOVLW      1
;__Lib_MathDouble.c,336 :: 		
0x011D	0x00FC      	MOVWF      R12
;__Lib_MathDouble.c,338 :: 		
0x011E	0x2040      	CALL       _RES032
;__Lib_MathDouble.c,340 :: 		
0x011F	0x292B      	GOTO       NRM4032EEE
;__Lib_MathDouble.c,341 :: 		
JMPSETFUN32:
;__Lib_MathDouble.c,342 :: 		
0x0120	0x3002      	MOVLW      2
;__Lib_MathDouble.c,343 :: 		
0x0121	0x00FC      	MOVWF      R12
;__Lib_MathDouble.c,345 :: 		
0x0122	0x20A9      	CALL       _SETFUN32
;__Lib_MathDouble.c,347 :: 		
0x0123	0x292B      	GOTO       NRM4032EEE
;__Lib_MathDouble.c,348 :: 		
JMPFIXSIGN32:
;__Lib_MathDouble.c,349 :: 		
0x0124	0x3004      	MOVLW      4
;__Lib_MathDouble.c,350 :: 		
0x0125	0x00FC      	MOVWF      R12
;__Lib_MathDouble.c,352 :: 		
0x0126	0x2047      	CALL       _FIXSIGN32
;__Lib_MathDouble.c,354 :: 		
0x0127	0x292B      	GOTO       NRM4032EEE
;__Lib_MathDouble.c,355 :: 		
JMPSETFOV32:
;__Lib_MathDouble.c,356 :: 		
0x0128	0x3008      	MOVLW      8
;__Lib_MathDouble.c,357 :: 		
0x0129	0x00FC      	MOVWF      R12
;__Lib_MathDouble.c,359 :: 		
0x012A	0x2034      	CALL       _SETFOV32
;__Lib_MathDouble.c,361 :: 		
NRM4032EEE:
;__Lib_MathDouble.c,362 :: 		
0x012B	0x0000      	NOP
;__Lib_MathDouble.c,370 :: 		
0x012C	0x0008      	RETURN
; end of _NRM4032
_Byte2Double:
;__Lib_MathDouble.c,1778 :: 		
;__Lib_MathDouble.c,1785 :: 		
0x012D	0x1283      	BCF        STATUS, 5
;__Lib_MathDouble.c,1786 :: 		
0x012E	0x1303      	BCF        STATUS, 6
;__Lib_MathDouble.c,1788 :: 		
0x012F	0x0870      	MOVF       R0, 0
;__Lib_MathDouble.c,1789 :: 		
0x0130	0x00F8      	MOVWF      R8
;__Lib_MathDouble.c,1791 :: 		
0x0131	0x01FB      	CLRF       R11
;__Lib_MathDouble.c,1792 :: 		
0x0132	0x01FC      	CLRF       R12
;__Lib_MathDouble.c,1794 :: 		
0x0133	0x309E      	MOVLW      158
;__Lib_MathDouble.c,1795 :: 		
0x0134	0x00F3      	MOVWF      R3
;__Lib_MathDouble.c,1796 :: 		
0x0135	0x01FA      	CLRF       R10
;__Lib_MathDouble.c,1797 :: 		
0x0136	0x01F2      	CLRF       R2
;__Lib_MathDouble.c,1798 :: 		
0x0137	0x01F1      	CLRF       R1
;__Lib_MathDouble.c,1799 :: 		
0x0138	0x01F0      	CLRF       R0
;__Lib_MathDouble.c,1800 :: 		
0x0139	0x3002      	MOVLW      2
;__Lib_MathDouble.c,1801 :: 		
0x013A	0x00FC      	MOVWF      R12
;__Lib_MathDouble.c,1803 :: 		
0x013B	0x20D3      	CALL       _NRM4032
;__Lib_MathDouble.c,1804 :: 		
0x013C	0x0008      	RETURN
; end of _Byte2Double
_Lcd_Init:
;__Lib_Lcd.c,84 :: 		
;__Lib_Lcd.c,86 :: 		
0x013D	0x1683      	BSF        STATUS, 5
0x013E	0x1303      	BCF        STATUS, 6
0x013F	0x1188      	BCF        LCD_EN_Direction, BitPos(LCD_EN_Direction+0)
;__Lib_Lcd.c,87 :: 		
0x0140	0x1108      	BCF        LCD_RS_Direction, BitPos(LCD_RS_Direction+0)
;__Lib_Lcd.c,88 :: 		
0x0141	0x1208      	BCF        LCD_D4_Direction, BitPos(LCD_D4_Direction+0)
;__Lib_Lcd.c,89 :: 		
0x0142	0x1288      	BCF        LCD_D5_Direction, BitPos(LCD_D5_Direction+0)
;__Lib_Lcd.c,90 :: 		
0x0143	0x1308      	BCF        LCD_D6_Direction, BitPos(LCD_D6_Direction+0)
;__Lib_Lcd.c,91 :: 		
0x0144	0x1388      	BCF        LCD_D7_Direction, BitPos(LCD_D7_Direction+0)
;__Lib_Lcd.c,93 :: 		
0x0145	0x1283      	BCF        STATUS, 5
0x0146	0x1188      	BCF        LCD_EN, BitPos(LCD_EN+0)
;__Lib_Lcd.c,94 :: 		
0x0147	0x1108      	BCF        LCD_RS, BitPos(LCD_RS+0)
;__Lib_Lcd.c,95 :: 		
0x0148	0x1388      	BCF        LCD_D7, BitPos(LCD_D7+0)
;__Lib_Lcd.c,96 :: 		
0x0149	0x1308      	BCF        LCD_D6, BitPos(LCD_D6+0)
;__Lib_Lcd.c,97 :: 		
0x014A	0x1288      	BCF        LCD_D5, BitPos(LCD_D5+0)
;__Lib_Lcd.c,98 :: 		
0x014B	0x1208      	BCF        LCD_D4, BitPos(LCD_D4+0)
;__Lib_Lcd.c,100 :: 		
0x014C	0x2027      	CALL       _Delay_5500us
;__Lib_Lcd.c,101 :: 		
0x014D	0x2027      	CALL       _Delay_5500us
;__Lib_Lcd.c,102 :: 		
0x014E	0x2027      	CALL       _Delay_5500us
;__Lib_Lcd.c,105 :: 		
0x014F	0x1688      	BSF        LCD_D5, BitPos(LCD_D5+0)
;__Lib_Lcd.c,106 :: 		
0x0150	0x1608      	BSF        LCD_D4, BitPos(LCD_D4+0)
;__Lib_Lcd.c,107 :: 		
0x0151	0x1588      	BSF        LCD_EN, BitPos(LCD_EN+0)
;__Lib_Lcd.c,108 :: 		
0x0152	0x201A      	CALL       _Delay_1us
;__Lib_Lcd.c,109 :: 		
0x0153	0x1188      	BCF        LCD_EN, BitPos(LCD_EN+0)
;__Lib_Lcd.c,110 :: 		
0x0154	0x2027      	CALL       _Delay_5500us
;__Lib_Lcd.c,112 :: 		
0x0155	0x1588      	BSF        LCD_EN, BitPos(LCD_EN+0)
;__Lib_Lcd.c,113 :: 		
0x0156	0x201A      	CALL       _Delay_1us
;__Lib_Lcd.c,114 :: 		
0x0157	0x1188      	BCF        LCD_EN, BitPos(LCD_EN+0)
;__Lib_Lcd.c,115 :: 		
0x0158	0x2027      	CALL       _Delay_5500us
;__Lib_Lcd.c,117 :: 		
0x0159	0x1588      	BSF        LCD_EN, BitPos(LCD_EN+0)
;__Lib_Lcd.c,118 :: 		
0x015A	0x201A      	CALL       _Delay_1us
;__Lib_Lcd.c,119 :: 		
0x015B	0x1188      	BCF        LCD_EN, BitPos(LCD_EN+0)
;__Lib_Lcd.c,120 :: 		
0x015C	0x2027      	CALL       _Delay_5500us
;__Lib_Lcd.c,123 :: 		
0x015D	0x1208      	BCF        LCD_D4, BitPos(LCD_D4+0)
;__Lib_Lcd.c,124 :: 		
0x015E	0x1588      	BSF        LCD_EN, BitPos(LCD_EN+0)
;__Lib_Lcd.c,125 :: 		
0x015F	0x201A      	CALL       _Delay_1us
;__Lib_Lcd.c,126 :: 		
0x0160	0x1188      	BCF        LCD_EN, BitPos(LCD_EN+0)
;__Lib_Lcd.c,127 :: 		
0x0161	0x2027      	CALL       _Delay_5500us
;__Lib_Lcd.c,130 :: 		
0x0162	0x1588      	BSF        LCD_EN, BitPos(LCD_EN+0)
;__Lib_Lcd.c,131 :: 		
0x0163	0x201A      	CALL       _Delay_1us
;__Lib_Lcd.c,132 :: 		
0x0164	0x1188      	BCF        LCD_EN, BitPos(LCD_EN+0)
;__Lib_Lcd.c,134 :: 		
0x0165	0x1288      	BCF        LCD_D5, BitPos(LCD_D5+0)
;__Lib_Lcd.c,135 :: 		
0x0166	0x1788      	BSF        LCD_D7, BitPos(LCD_D7+0)
;__Lib_Lcd.c,136 :: 		
0x0167	0x1588      	BSF        LCD_EN, BitPos(LCD_EN+0)
;__Lib_Lcd.c,137 :: 		
0x0168	0x201A      	CALL       _Delay_1us
;__Lib_Lcd.c,138 :: 		
0x0169	0x1188      	BCF        LCD_EN, BitPos(LCD_EN+0)
;__Lib_Lcd.c,139 :: 		
0x016A	0x2027      	CALL       _Delay_5500us
;__Lib_Lcd.c,142 :: 		
0x016B	0x1388      	BCF        LCD_D7, BitPos(LCD_D7+0)
;__Lib_Lcd.c,143 :: 		
0x016C	0x1608      	BSF        LCD_D4, BitPos(LCD_D4+0)
;__Lib_Lcd.c,144 :: 		
0x016D	0x1588      	BSF        LCD_EN, BitPos(LCD_EN+0)
;__Lib_Lcd.c,145 :: 		
0x016E	0x201A      	CALL       _Delay_1us
;__Lib_Lcd.c,146 :: 		
0x016F	0x1188      	BCF        LCD_EN, BitPos(LCD_EN+0)
;__Lib_Lcd.c,148 :: 		
0x0170	0x1208      	BCF        LCD_D4, BitPos(LCD_D4+0)
;__Lib_Lcd.c,149 :: 		
0x0171	0x1588      	BSF        LCD_EN, BitPos(LCD_EN+0)
;__Lib_Lcd.c,150 :: 		
0x0172	0x201A      	CALL       _Delay_1us
;__Lib_Lcd.c,151 :: 		
0x0173	0x1188      	BCF        LCD_EN, BitPos(LCD_EN+0)
;__Lib_Lcd.c,152 :: 		
0x0174	0x2027      	CALL       _Delay_5500us
;__Lib_Lcd.c,155 :: 		
0x0175	0x1588      	BSF        LCD_EN, BitPos(LCD_EN+0)
;__Lib_Lcd.c,156 :: 		
0x0176	0x201A      	CALL       _Delay_1us
;__Lib_Lcd.c,157 :: 		
0x0177	0x1188      	BCF        LCD_EN, BitPos(LCD_EN+0)
;__Lib_Lcd.c,159 :: 		
0x0178	0x1608      	BSF        LCD_D4, BitPos(LCD_D4+0)
;__Lib_Lcd.c,160 :: 		
0x0179	0x1588      	BSF        LCD_EN, BitPos(LCD_EN+0)
;__Lib_Lcd.c,161 :: 		
0x017A	0x201A      	CALL       _Delay_1us
;__Lib_Lcd.c,162 :: 		
0x017B	0x1188      	BCF        LCD_EN, BitPos(LCD_EN+0)
;__Lib_Lcd.c,163 :: 		
0x017C	0x2027      	CALL       _Delay_5500us
;__Lib_Lcd.c,166 :: 		
0x017D	0x1208      	BCF        LCD_D4, BitPos(LCD_D4+0)
;__Lib_Lcd.c,167 :: 		
0x017E	0x1588      	BSF        LCD_EN, BitPos(LCD_EN+0)
;__Lib_Lcd.c,168 :: 		
0x017F	0x201A      	CALL       _Delay_1us
;__Lib_Lcd.c,169 :: 		
0x0180	0x1188      	BCF        LCD_EN, BitPos(LCD_EN+0)
;__Lib_Lcd.c,171 :: 		
0x0181	0x1788      	BSF        LCD_D7, BitPos(LCD_D7+0)
;__Lib_Lcd.c,172 :: 		
0x0182	0x1708      	BSF        LCD_D6, BitPos(LCD_D6+0)
;__Lib_Lcd.c,173 :: 		
0x0183	0x1688      	BSF        LCD_D5, BitPos(LCD_D5+0)
;__Lib_Lcd.c,174 :: 		
0x0184	0x1608      	BSF        LCD_D4, BitPos(LCD_D4+0)
;__Lib_Lcd.c,175 :: 		
0x0185	0x1588      	BSF        LCD_EN, BitPos(LCD_EN+0)
;__Lib_Lcd.c,176 :: 		
0x0186	0x201A      	CALL       _Delay_1us
;__Lib_Lcd.c,177 :: 		
0x0187	0x1188      	BCF        LCD_EN, BitPos(LCD_EN+0)
;__Lib_Lcd.c,179 :: 		
0x0188	0x2027      	CALL       _Delay_5500us
;__Lib_Lcd.c,181 :: 		
0x0189	0x1683      	BSF        STATUS, 5
0x018A	0x1450      	BSF        __Lib_Lcd_cmd_status, BitPos(__Lib_Lcd_cmd_status+0)
;__Lib_Lcd.c,182 :: 		
0x018B	0x0008      	RETURN
; end of _Lcd_Init
_Lcd_Out:
;__Lib_Lcd.c,184 :: 		
;__Lib_Lcd.c,187 :: 		
0x018C	0x299E      	GOTO       L_Lcd_Out11
;__Lib_Lcd.c,188 :: 		
L_Lcd_Out13:
0x018D	0x3080      	MOVLW      128
0x018E	0x1683      	BSF        STATUS, 5
0x018F	0x1303      	BCF        STATUS, 6
0x0190	0x00D6      	MOVWF      FARG_Lcd_Out_row
0x0191	0x29B1      	GOTO       L_Lcd_Out12
;__Lib_Lcd.c,189 :: 		
L_Lcd_Out14:
0x0192	0x30C0      	MOVLW      192
0x0193	0x00D6      	MOVWF      FARG_Lcd_Out_row
0x0194	0x29B1      	GOTO       L_Lcd_Out12
;__Lib_Lcd.c,190 :: 		
L_Lcd_Out15:
0x0195	0x3094      	MOVLW      148
0x0196	0x00D6      	MOVWF      FARG_Lcd_Out_row
0x0197	0x29B1      	GOTO       L_Lcd_Out12
;__Lib_Lcd.c,191 :: 		
L_Lcd_Out16:
0x0198	0x30D4      	MOVLW      212
0x0199	0x00D6      	MOVWF      FARG_Lcd_Out_row
0x019A	0x29B1      	GOTO       L_Lcd_Out12
;__Lib_Lcd.c,192 :: 		
L_Lcd_Out17:
0x019B	0x3080      	MOVLW      128
0x019C	0x00D6      	MOVWF      FARG_Lcd_Out_row
;__Lib_Lcd.c,193 :: 		
0x019D	0x29B1      	GOTO       L_Lcd_Out12
L_Lcd_Out11:
0x019E	0x1683      	BSF        STATUS, 5
0x019F	0x1303      	BCF        STATUS, 6
0x01A0	0x0856      	MOVF       FARG_Lcd_Out_row, 0
0x01A1	0x3A01      	XORLW      1
0x01A2	0x1903      	BTFSC      STATUS, 2
0x01A3	0x298D      	GOTO       L_Lcd_Out13
0x01A4	0x0856      	MOVF       FARG_Lcd_Out_row, 0
0x01A5	0x3A02      	XORLW      2
0x01A6	0x1903      	BTFSC      STATUS, 2
0x01A7	0x2992      	GOTO       L_Lcd_Out14
0x01A8	0x0856      	MOVF       FARG_Lcd_Out_row, 0
0x01A9	0x3A03      	XORLW      3
0x01AA	0x1903      	BTFSC      STATUS, 2
0x01AB	0x2995      	GOTO       L_Lcd_Out15
0x01AC	0x0856      	MOVF       FARG_Lcd_Out_row, 0
0x01AD	0x3A04      	XORLW      4
0x01AE	0x1903      	BTFSC      STATUS, 2
0x01AF	0x2998      	GOTO       L_Lcd_Out16
0x01B0	0x299B      	GOTO       L_Lcd_Out17
L_Lcd_Out12:
;__Lib_Lcd.c,194 :: 		
0x01B1	0x0357      	DECF       FARG_Lcd_Out_column, 0
0x01B2	0x00F0      	MOVWF      R0
0x01B3	0x0856      	MOVF       FARG_Lcd_Out_row, 0
0x01B4	0x07F0      	ADDWF      R0, 1
0x01B5	0x0870      	MOVF       R0, 0
0x01B6	0x00D6      	MOVWF      FARG_Lcd_Out_row
;__Lib_Lcd.c,196 :: 		
0x01B7	0x0870      	MOVF       R0, 0
0x01B8	0x00DB      	MOVWF      FARG_Lcd_Cmd_out_char
0x01B9	0x204B      	CALL       _Lcd_Cmd
;__Lib_Lcd.c,197 :: 		
0x01BA	0x1683      	BSF        STATUS, 5
0x01BB	0x1050      	BCF        __Lib_Lcd_cmd_status, BitPos(__Lib_Lcd_cmd_status+0)
;__Lib_Lcd.c,198 :: 		
0x01BC	0x01D9      	CLRF       Lcd_Out_i_L0
;__Lib_Lcd.c,199 :: 		
L_Lcd_Out18:
0x01BD	0x0859      	MOVF       Lcd_Out_i_L0, 0
0x01BE	0x0758      	ADDWF      FARG_Lcd_Out_text, 0
0x01BF	0x0084      	MOVWF      FSR
0x01C0	0x0800      	MOVF       INDF, 0
0x01C1	0x1903      	BTFSC      STATUS, 2
0x01C2	0x29CB      	GOTO       L_Lcd_Out19
;__Lib_Lcd.c,200 :: 		
0x01C3	0x0859      	MOVF       Lcd_Out_i_L0, 0
0x01C4	0x0758      	ADDWF      FARG_Lcd_Out_text, 0
0x01C5	0x0084      	MOVWF      FSR
0x01C6	0x0800      	MOVF       INDF, 0
0x01C7	0x00DA      	MOVWF      FARG_Lcd_Chr_CP_out_char
0x01C8	0x20C3      	CALL       _Lcd_Chr_CP
0x01C9	0x0AD9      	INCF       Lcd_Out_i_L0, 1
0x01CA	0x29BD      	GOTO       L_Lcd_Out18
L_Lcd_Out19:
;__Lib_Lcd.c,201 :: 		
0x01CB	0x1450      	BSF        __Lib_Lcd_cmd_status, BitPos(__Lib_Lcd_cmd_status+0)
;__Lib_Lcd.c,202 :: 		
0x01CC	0x0008      	RETURN
; end of _Lcd_Out
_SPI1_Read:
;__Lib_SPI_c345.c,56 :: 		
;__Lib_SPI_c345.c,57 :: 		
0x01CD	0x1683      	BSF        STATUS, 5
0x01CE	0x1303      	BCF        STATUS, 6
0x01CF	0x0856      	MOVF       FARG_SPI1_Read_buffer, 0
0x01D0	0x1283      	BCF        STATUS, 5
0x01D1	0x0093      	MOVWF      SSPBUF
;__Lib_SPI_c345.c,58 :: 		
L_SPI1_Read6:
0x01D2	0x1683      	BSF        STATUS, 5
0x01D3	0x1814      	BTFSC      SSPSTAT, 0
0x01D4	0x29D7      	GOTO       L_SPI1_Read7
;__Lib_SPI_c345.c,59 :: 		
0x01D5	0x0000      	NOP
0x01D6	0x29D2      	GOTO       L_SPI1_Read6
L_SPI1_Read7:
;__Lib_SPI_c345.c,60 :: 		
0x01D7	0x1283      	BCF        STATUS, 5
0x01D8	0x0813      	MOVF       SSPBUF, 0
0x01D9	0x00F0      	MOVWF      R0
;__Lib_SPI_c345.c,63 :: 		
0x01DA	0x0008      	RETURN
; end of _SPI1_Read
_Config_NRF:
;receptor.c,51 :: 		void Config_NRF(){
;receptor.c,54 :: 		CSN = 0;
0x01DB	0x1283      	BCF        STATUS, 5
0x01DC	0x1303      	BCF        STATUS, 6
0x01DD	0x1089      	BCF        RE1_bit, 1
;receptor.c,55 :: 		SPI1_Write(0x20);
0x01DE	0x3020      	MOVLW      32
0x01DF	0x1683      	BSF        STATUS, 5
0x01E0	0x00DA      	MOVWF      FARG_SPI1_Write_data_
0x01E1	0x20B5      	CALL       _SPI1_Write
;receptor.c,56 :: 		SPI1_Write(0x0F);
0x01E2	0x300F      	MOVLW      15
0x01E3	0x1683      	BSF        STATUS, 5
0x01E4	0x00DA      	MOVWF      FARG_SPI1_Write_data_
0x01E5	0x20B5      	CALL       _SPI1_Write
;receptor.c,57 :: 		CSN = 1;
0x01E6	0x1489      	BSF        RE1_bit, 1
;receptor.c,60 :: 		CSN = 0;
0x01E7	0x1089      	BCF        RE1_bit, 1
;receptor.c,61 :: 		SPI1_Write(0x21);
0x01E8	0x3021      	MOVLW      33
0x01E9	0x1683      	BSF        STATUS, 5
0x01EA	0x00DA      	MOVWF      FARG_SPI1_Write_data_
0x01EB	0x20B5      	CALL       _SPI1_Write
;receptor.c,62 :: 		SPI1_Write(0x01);
0x01EC	0x3001      	MOVLW      1
0x01ED	0x1683      	BSF        STATUS, 5
0x01EE	0x00DA      	MOVWF      FARG_SPI1_Write_data_
0x01EF	0x20B5      	CALL       _SPI1_Write
;receptor.c,63 :: 		CSN = 1;
0x01F0	0x1489      	BSF        RE1_bit, 1
;receptor.c,66 :: 		CSN = 0;
0x01F1	0x1089      	BCF        RE1_bit, 1
;receptor.c,67 :: 		SPI1_Write(0x22);
0x01F2	0x3022      	MOVLW      34
0x01F3	0x1683      	BSF        STATUS, 5
0x01F4	0x00DA      	MOVWF      FARG_SPI1_Write_data_
0x01F5	0x20B5      	CALL       _SPI1_Write
;receptor.c,68 :: 		SPI1_Write(0x01);
0x01F6	0x3001      	MOVLW      1
0x01F7	0x1683      	BSF        STATUS, 5
0x01F8	0x00DA      	MOVWF      FARG_SPI1_Write_data_
0x01F9	0x20B5      	CALL       _SPI1_Write
;receptor.c,69 :: 		CSN = 1;
0x01FA	0x1489      	BSF        RE1_bit, 1
;receptor.c,72 :: 		CSN = 0;
0x01FB	0x1089      	BCF        RE1_bit, 1
;receptor.c,73 :: 		SPI1_Write(0x23);
0x01FC	0x3023      	MOVLW      35
0x01FD	0x1683      	BSF        STATUS, 5
0x01FE	0x00DA      	MOVWF      FARG_SPI1_Write_data_
0x01FF	0x20B5      	CALL       _SPI1_Write
;receptor.c,74 :: 		SPI1_Write(0x03);
0x0200	0x3003      	MOVLW      3
0x0201	0x1683      	BSF        STATUS, 5
0x0202	0x00DA      	MOVWF      FARG_SPI1_Write_data_
0x0203	0x20B5      	CALL       _SPI1_Write
;receptor.c,75 :: 		CSN = 1;
0x0204	0x1489      	BSF        RE1_bit, 1
;receptor.c,78 :: 		CSN = 0;
0x0205	0x1089      	BCF        RE1_bit, 1
;receptor.c,79 :: 		SPI1_Write(0x25);
0x0206	0x3025      	MOVLW      37
0x0207	0x1683      	BSF        STATUS, 5
0x0208	0x00DA      	MOVWF      FARG_SPI1_Write_data_
0x0209	0x20B5      	CALL       _SPI1_Write
;receptor.c,80 :: 		SPI1_Write(0x01);
0x020A	0x3001      	MOVLW      1
0x020B	0x1683      	BSF        STATUS, 5
0x020C	0x00DA      	MOVWF      FARG_SPI1_Write_data_
0x020D	0x20B5      	CALL       _SPI1_Write
;receptor.c,81 :: 		CSN = 1;
0x020E	0x1489      	BSF        RE1_bit, 1
;receptor.c,84 :: 		CSN = 0;
0x020F	0x1089      	BCF        RE1_bit, 1
;receptor.c,85 :: 		SPI1_Write(0x26);
0x0210	0x3026      	MOVLW      38
0x0211	0x1683      	BSF        STATUS, 5
0x0212	0x00DA      	MOVWF      FARG_SPI1_Write_data_
0x0213	0x20B5      	CALL       _SPI1_Write
;receptor.c,86 :: 		SPI1_Write(0x26);
0x0214	0x3026      	MOVLW      38
0x0215	0x1683      	BSF        STATUS, 5
0x0216	0x00DA      	MOVWF      FARG_SPI1_Write_data_
0x0217	0x20B5      	CALL       _SPI1_Write
;receptor.c,87 :: 		CSN = 1;
0x0218	0x1489      	BSF        RE1_bit, 1
;receptor.c,90 :: 		CSN = 0;
0x0219	0x1089      	BCF        RE1_bit, 1
;receptor.c,91 :: 		SPI1_Write(0x27);
0x021A	0x3027      	MOVLW      39
0x021B	0x1683      	BSF        STATUS, 5
0x021C	0x00DA      	MOVWF      FARG_SPI1_Write_data_
0x021D	0x20B5      	CALL       _SPI1_Write
;receptor.c,92 :: 		SPI1_Write(0x70);
0x021E	0x3070      	MOVLW      112
0x021F	0x1683      	BSF        STATUS, 5
0x0220	0x00DA      	MOVWF      FARG_SPI1_Write_data_
0x0221	0x20B5      	CALL       _SPI1_Write
;receptor.c,93 :: 		CSN = 1;
0x0222	0x1489      	BSF        RE1_bit, 1
;receptor.c,96 :: 		CSN = 0;
0x0223	0x1089      	BCF        RE1_bit, 1
;receptor.c,97 :: 		SPI1_Write(0x2A);
0x0224	0x302A      	MOVLW      42
0x0225	0x1683      	BSF        STATUS, 5
0x0226	0x00DA      	MOVWF      FARG_SPI1_Write_data_
0x0227	0x20B5      	CALL       _SPI1_Write
;receptor.c,98 :: 		SPI1_Write(ENDER);
0x0228	0x3078      	MOVLW      120
0x0229	0x1683      	BSF        STATUS, 5
0x022A	0x00DA      	MOVWF      FARG_SPI1_Write_data_
0x022B	0x20B5      	CALL       _SPI1_Write
;receptor.c,99 :: 		SPI1_Write(ENDER);
0x022C	0x3078      	MOVLW      120
0x022D	0x1683      	BSF        STATUS, 5
0x022E	0x00DA      	MOVWF      FARG_SPI1_Write_data_
0x022F	0x20B5      	CALL       _SPI1_Write
;receptor.c,100 :: 		SPI1_Write(ENDER);
0x0230	0x3078      	MOVLW      120
0x0231	0x1683      	BSF        STATUS, 5
0x0232	0x00DA      	MOVWF      FARG_SPI1_Write_data_
0x0233	0x20B5      	CALL       _SPI1_Write
;receptor.c,101 :: 		SPI1_Write(ENDER);
0x0234	0x3078      	MOVLW      120
0x0235	0x1683      	BSF        STATUS, 5
0x0236	0x00DA      	MOVWF      FARG_SPI1_Write_data_
0x0237	0x20B5      	CALL       _SPI1_Write
;receptor.c,102 :: 		SPI1_Write(ENDER);
0x0238	0x3078      	MOVLW      120
0x0239	0x1683      	BSF        STATUS, 5
0x023A	0x00DA      	MOVWF      FARG_SPI1_Write_data_
0x023B	0x20B5      	CALL       _SPI1_Write
;receptor.c,103 :: 		CSN = 1;
0x023C	0x1489      	BSF        RE1_bit, 1
;receptor.c,106 :: 		CSN = 0;
0x023D	0x1089      	BCF        RE1_bit, 1
;receptor.c,107 :: 		SPI1_Write(0x31);
0x023E	0x3031      	MOVLW      49
0x023F	0x1683      	BSF        STATUS, 5
0x0240	0x00DA      	MOVWF      FARG_SPI1_Write_data_
0x0241	0x20B5      	CALL       _SPI1_Write
;receptor.c,108 :: 		SPI1_Write(1);
0x0242	0x3001      	MOVLW      1
0x0243	0x1683      	BSF        STATUS, 5
0x0244	0x00DA      	MOVWF      FARG_SPI1_Write_data_
0x0245	0x20B5      	CALL       _SPI1_Write
;receptor.c,109 :: 		CSN = 1;
0x0246	0x1489      	BSF        RE1_bit, 1
;receptor.c,112 :: 		CSN = 0;
0x0247	0x1089      	BCF        RE1_bit, 1
;receptor.c,113 :: 		SPI1_Write(0xE2);
0x0248	0x30E2      	MOVLW      226
0x0249	0x1683      	BSF        STATUS, 5
0x024A	0x00DA      	MOVWF      FARG_SPI1_Write_data_
0x024B	0x20B5      	CALL       _SPI1_Write
;receptor.c,114 :: 		CSN = 1;
0x024C	0x1489      	BSF        RE1_bit, 1
;receptor.c,116 :: 		CE = 1;
0x024D	0x1509      	BSF        RE2_bit, 2
;receptor.c,117 :: 		delay_us(130);
0x024E	0x30D8      	MOVLW      216
0x024F	0x00FD      	MOVWF      R13
L_Config_NRF4:
0x0250	0x0BFD      	DECFSZ     R13, 1
0x0251	0x2A50      	GOTO       L_Config_NRF4
0x0252	0x0000      	NOP
;receptor.c,118 :: 		}
0x0253	0x0008      	RETURN
; end of _Config_NRF
___CC2DW:
;__Lib_System.c,24 :: 		
;__Lib_System.c,27 :: 		
_CC2D_Loop1:
;__Lib_System.c,29 :: 		
0x0254	0x20CC      	CALL       _____DoICP
0x0255	0x118A      	BCF        PCLATH, 3
0x0256	0x120A      	BCF        PCLATH, 4
;__Lib_System.c,31 :: 		
0x0257	0x0080      	MOVWF      INDF
;__Lib_System.c,32 :: 		
0x0258	0x0A84      	INCF       FSR, 1
;__Lib_System.c,33 :: 		
0x0259	0x0AD1      	INCF       ___DoICPAddr, 1
;__Lib_System.c,35 :: 		
0x025A	0x1903      	BTFSC      STATUS, 2
;__Lib_System.c,36 :: 		
0x025B	0x0AD2      	INCF       ___DoICPAddr+1, 1
;__Lib_System.c,37 :: 		
0x025C	0x03F0      	DECF       R0, 1
;__Lib_System.c,39 :: 		
0x025D	0x1D03      	BTFSS      STATUS, 2
;__Lib_System.c,40 :: 		
0x025E	0x2A54      	GOTO       _CC2D_Loop1
;__Lib_System.c,42 :: 		
0x025F	0x0008      	RETURN
; end of ___CC2DW
_SPI1_Init:
;__Lib_SPI_c345.c,16 :: 		
;__Lib_SPI_c345.c,19 :: 		
0x0260	0x1683      	BSF        STATUS, 5
0x0261	0x1303      	BCF        STATUS, 6
0x0262	0x1287      	BCF        TRISC5_bit, 5
;__Lib_SPI_c345.c,20 :: 		
0x0263	0x1187      	BCF        TRISC3_bit, 3
;__Lib_SPI_c345.c,21 :: 		
0x0264	0x1607      	BSF        TRISC4_bit, 4
;__Lib_SPI_c345.c,23 :: 		
0x0265	0x1283      	BCF        STATUS, 5
0x0266	0x0194      	CLRF       SSPCON
;__Lib_SPI_c345.c,24 :: 		
0x0267	0x3040      	MOVLW      64
0x0268	0x1683      	BSF        STATUS, 5
0x0269	0x0094      	MOVWF      SSPSTAT
;__Lib_SPI_c345.c,25 :: 		
0x026A	0x1283      	BCF        STATUS, 5
0x026B	0x1694      	BSF        SSPCON, 5
;__Lib_SPI_c345.c,27 :: 		
0x026C	0x0008      	RETURN
; end of _SPI1_Init
_main:
0x026D	0x2412      	CALL       1042
;receptor.c,121 :: 		void main(){
;receptor.c,122 :: 		TRISD = 0x00;      //Configura todo PORTD como saída
0x026E	0x1683      	BSF        STATUS, 5
0x026F	0x1303      	BCF        STATUS, 6
0x0270	0x0188      	CLRF       TRISD
;receptor.c,123 :: 		ADCON1 = 0x07;     //Desabilita o conversor A/D do PIC e torna as saidas digitais
0x0271	0x3007      	MOVLW      7
0x0272	0x009F      	MOVWF      ADCON1
;receptor.c,124 :: 		ADCON0 = 0x00;
0x0273	0x1283      	BCF        STATUS, 5
0x0274	0x019F      	CLRF       ADCON0
;receptor.c,125 :: 		CMCON = 0x07;      //Desabilita os comparadores internos do PIC
0x0275	0x3007      	MOVLW      7
0x0276	0x1683      	BSF        STATUS, 5
0x0277	0x009C      	MOVWF      CMCON
;receptor.c,126 :: 		TRISE.TRISE1 = 0;
0x0278	0x1089      	BCF        TRISE, 1
;receptor.c,127 :: 		TRISE.TRISE2 = 0;
0x0279	0x1109      	BCF        TRISE, 2
;receptor.c,128 :: 		TRISB.TRISB0 = 1;  //Entrada do RB0 para interrupção
0x027A	0x1406      	BSF        TRISB, 0
;receptor.c,129 :: 		TRISB.TRISB7 = 0;
0x027B	0x1386      	BCF        TRISB, 7
;receptor.c,130 :: 		CSN = 1;           //Pino CSN do SPI
0x027C	0x1283      	BCF        STATUS, 5
0x027D	0x1489      	BSF        RE1_bit, 1
;receptor.c,131 :: 		CE = 0;            //NRF em standby - I
0x027E	0x1109      	BCF        RE2_bit, 2
;receptor.c,133 :: 		TRISB.TRISB6 = 0;
0x027F	0x1683      	BSF        STATUS, 5
0x0280	0x1306      	BCF        TRISB, 6
;receptor.c,134 :: 		TRISB.TRISB5 = 0;
0x0281	0x1286      	BCF        TRISB, 5
;receptor.c,135 :: 		TRISB.TRISB4 = 0;
0x0282	0x1206      	BCF        TRISB, 4
;receptor.c,136 :: 		TRISB.TRISB3 = 0;
0x0283	0x1186      	BCF        TRISB, 3
;receptor.c,139 :: 		INTEDG_bit = 0;
0x0284	0x1301      	BCF        INTEDG_bit, 6
;receptor.c,140 :: 		INTCON = 0b11010000;           //Configuração de interrupções e flags de interrupção  RB0
0x0285	0x30D0      	MOVLW      208
0x0286	0x008B      	MOVWF      INTCON
;receptor.c,143 :: 		SPI1_Init();
0x0287	0x2260      	CALL       _SPI1_Init
;receptor.c,144 :: 		delay_ms(100);
0x0288	0x3003      	MOVLW      3
0x0289	0x00FB      	MOVWF      R11
0x028A	0x308A      	MOVLW      138
0x028B	0x00FC      	MOVWF      R12
0x028C	0x3055      	MOVLW      85
0x028D	0x00FD      	MOVWF      R13
L_main5:
0x028E	0x0BFD      	DECFSZ     R13, 1
0x028F	0x2A8E      	GOTO       L_main5
0x0290	0x0BFC      	DECFSZ     R12, 1
0x0291	0x2A8E      	GOTO       L_main5
0x0292	0x0BFB      	DECFSZ     R11, 1
0x0293	0x2A8E      	GOTO       L_main5
0x0294	0x0000      	NOP
0x0295	0x0000      	NOP
;receptor.c,146 :: 		Config_NRF();                      // Configura NRF24L01+
0x0296	0x21DB      	CALL       _Config_NRF
;receptor.c,148 :: 		Lcd_Init();                         //Inicializa o display
0x0297	0x213D      	CALL       _Lcd_Init
;receptor.c,149 :: 		Lcd_Cmd(_Lcd_Cursor_Off);           //Apaga o cursor
0x0298	0x300C      	MOVLW      12
0x0299	0x00DB      	MOVWF      FARG_Lcd_Cmd_out_char
0x029A	0x204B      	CALL       _Lcd_Cmd
;receptor.c,150 :: 		Lcd_Cmd(_LCD_CLEAR);                //Limpa o display
0x029B	0x3001      	MOVLW      1
0x029C	0x1683      	BSF        STATUS, 5
0x029D	0x00DB      	MOVWF      FARG_Lcd_Cmd_out_char
0x029E	0x204B      	CALL       _Lcd_Cmd
;receptor.c,151 :: 		Lcd_Out(2,1,".");
0x029F	0x3002      	MOVLW      2
0x02A0	0x1683      	BSF        STATUS, 5
0x02A1	0x00D6      	MOVWF      FARG_Lcd_Out_row
0x02A2	0x3001      	MOVLW      1
0x02A3	0x00D7      	MOVWF      FARG_Lcd_Out_column
0x02A4	0x30CE      	MOVLW      ?lstr1_receptor
0x02A5	0x00D8      	MOVWF      FARG_Lcd_Out_text
0x02A6	0x218C      	CALL       _Lcd_Out
;receptor.c,152 :: 		delay_ms(200);
0x02A7	0x3006      	MOVLW      6
0x02A8	0x00FB      	MOVWF      R11
0x02A9	0x3013      	MOVLW      19
0x02AA	0x00FC      	MOVWF      R12
0x02AB	0x30AD      	MOVLW      173
0x02AC	0x00FD      	MOVWF      R13
L_main6:
0x02AD	0x0BFD      	DECFSZ     R13, 1
0x02AE	0x2AAD      	GOTO       L_main6
0x02AF	0x0BFC      	DECFSZ     R12, 1
0x02B0	0x2AAD      	GOTO       L_main6
0x02B1	0x0BFB      	DECFSZ     R11, 1
0x02B2	0x2AAD      	GOTO       L_main6
0x02B3	0x0000      	NOP
0x02B4	0x0000      	NOP
;receptor.c,153 :: 		Lcd_Out(2,1,"..");
0x02B5	0x3002      	MOVLW      2
0x02B6	0x00D6      	MOVWF      FARG_Lcd_Out_row
0x02B7	0x3001      	MOVLW      1
0x02B8	0x00D7      	MOVWF      FARG_Lcd_Out_column
0x02B9	0x30CB      	MOVLW      ?lstr2_receptor
0x02BA	0x00D8      	MOVWF      FARG_Lcd_Out_text
0x02BB	0x218C      	CALL       _Lcd_Out
;receptor.c,154 :: 		delay_ms(200);
0x02BC	0x3006      	MOVLW      6
0x02BD	0x00FB      	MOVWF      R11
0x02BE	0x3013      	MOVLW      19
0x02BF	0x00FC      	MOVWF      R12
0x02C0	0x30AD      	MOVLW      173
0x02C1	0x00FD      	MOVWF      R13
L_main7:
0x02C2	0x0BFD      	DECFSZ     R13, 1
0x02C3	0x2AC2      	GOTO       L_main7
0x02C4	0x0BFC      	DECFSZ     R12, 1
0x02C5	0x2AC2      	GOTO       L_main7
0x02C6	0x0BFB      	DECFSZ     R11, 1
0x02C7	0x2AC2      	GOTO       L_main7
0x02C8	0x0000      	NOP
0x02C9	0x0000      	NOP
;receptor.c,155 :: 		Lcd_Out(2,1,"...");
0x02CA	0x3002      	MOVLW      2
0x02CB	0x00D6      	MOVWF      FARG_Lcd_Out_row
0x02CC	0x3001      	MOVLW      1
0x02CD	0x00D7      	MOVWF      FARG_Lcd_Out_column
0x02CE	0x306C      	MOVLW      ?lstr3_receptor
0x02CF	0x00D8      	MOVWF      FARG_Lcd_Out_text
0x02D0	0x218C      	CALL       _Lcd_Out
;receptor.c,156 :: 		delay_ms(200);
0x02D1	0x3006      	MOVLW      6
0x02D2	0x00FB      	MOVWF      R11
0x02D3	0x3013      	MOVLW      19
0x02D4	0x00FC      	MOVWF      R12
0x02D5	0x30AD      	MOVLW      173
0x02D6	0x00FD      	MOVWF      R13
L_main8:
0x02D7	0x0BFD      	DECFSZ     R13, 1
0x02D8	0x2AD7      	GOTO       L_main8
0x02D9	0x0BFC      	DECFSZ     R12, 1
0x02DA	0x2AD7      	GOTO       L_main8
0x02DB	0x0BFB      	DECFSZ     R11, 1
0x02DC	0x2AD7      	GOTO       L_main8
0x02DD	0x0000      	NOP
0x02DE	0x0000      	NOP
;receptor.c,157 :: 		Lcd_Out(1,1,"    MEU 100");
0x02DF	0x3001      	MOVLW      1
0x02E0	0x00D6      	MOVWF      FARG_Lcd_Out_row
0x02E1	0x3001      	MOVLW      1
0x02E2	0x00D7      	MOVWF      FARG_Lcd_Out_column
0x02E3	0x30AE      	MOVLW      ?lstr4_receptor
0x02E4	0x00D8      	MOVWF      FARG_Lcd_Out_text
0x02E5	0x218C      	CALL       _Lcd_Out
;receptor.c,158 :: 		Lcd_Out(2,1,"   MINHA VIDA");
0x02E6	0x3002      	MOVLW      2
0x02E7	0x00D6      	MOVWF      FARG_Lcd_Out_row
0x02E8	0x3001      	MOVLW      1
0x02E9	0x00D7      	MOVWF      FARG_Lcd_Out_column
0x02EA	0x30A0      	MOVLW      ?lstr5_receptor
0x02EB	0x00D8      	MOVWF      FARG_Lcd_Out_text
0x02EC	0x218C      	CALL       _Lcd_Out
;receptor.c,159 :: 		delay_ms(800);
0x02ED	0x3015      	MOVLW      21
0x02EE	0x00FB      	MOVWF      R11
0x02EF	0x304B      	MOVLW      75
0x02F0	0x00FC      	MOVWF      R12
0x02F1	0x30BE      	MOVLW      190
0x02F2	0x00FD      	MOVWF      R13
L_main9:
0x02F3	0x0BFD      	DECFSZ     R13, 1
0x02F4	0x2AF3      	GOTO       L_main9
0x02F5	0x0BFC      	DECFSZ     R12, 1
0x02F6	0x2AF3      	GOTO       L_main9
0x02F7	0x0BFB      	DECFSZ     R11, 1
0x02F8	0x2AF3      	GOTO       L_main9
0x02F9	0x0000      	NOP
;receptor.c,162 :: 		Lcd_Cmd(_LCD_CLEAR);
0x02FA	0x3001      	MOVLW      1
0x02FB	0x00DB      	MOVWF      FARG_Lcd_Cmd_out_char
0x02FC	0x204B      	CALL       _Lcd_Cmd
;receptor.c,163 :: 		while(1){                         //Início do loop infinito
L_main10:
;receptor.c,165 :: 		if(flag == 1){
0x02FD	0x0865      	MOVF       _flag, 0
0x02FE	0x3A01      	XORLW      1
0x02FF	0x1D03      	BTFSS      STATUS, 2
0x0300	0x2B8A      	GOTO       L_main12
;receptor.c,167 :: 		RB7_bit = 1;
0x0301	0x1786      	BSF        RB7_bit, 7
;receptor.c,169 :: 		CE = 0;
0x0302	0x1109      	BCF        RE2_bit, 2
;receptor.c,170 :: 		CSN = 0;
0x0303	0x1089      	BCF        RE1_bit, 1
;receptor.c,171 :: 		buff1 = SPI1_Read(0x61);             //Le registrador STATUS
0x0304	0x3061      	MOVLW      97
0x0305	0x1683      	BSF        STATUS, 5
0x0306	0x00D6      	MOVWF      FARG_SPI1_Read_buffer
0x0307	0x21CD      	CALL       _SPI1_Read
0x0308	0x0870      	MOVF       R0, 0
0x0309	0x00EB      	MOVWF      _buff1
;receptor.c,172 :: 		store = SPI1_Read(0xFF);             //Le RX Payload
0x030A	0x30FF      	MOVLW      255
0x030B	0x1683      	BSF        STATUS, 5
0x030C	0x00D6      	MOVWF      FARG_SPI1_Read_buffer
0x030D	0x21CD      	CALL       _SPI1_Read
0x030E	0x0870      	MOVF       R0, 0
0x030F	0x1683      	BSF        STATUS, 5
0x0310	0x00D5      	MOVWF      FLOC__main
0x0311	0x0855      	MOVF       FLOC__main, 0
0x0312	0x1283      	BCF        STATUS, 5
0x0313	0x00EA      	MOVWF      _store
;receptor.c,173 :: 		CSN = 1;
0x0314	0x1489      	BSF        RE1_bit, 1
;receptor.c,175 :: 		temperature = store;        //Converte para tensão em Volts
0x0315	0x1683      	BSF        STATUS, 5
0x0316	0x0855      	MOVF       FLOC__main, 0
0x0317	0x00F0      	MOVWF      R0
0x0318	0x212D      	CALL       _Byte2Double
0x0319	0x0870      	MOVF       R0, 0
0x031A	0x00E6      	MOVWF      _temperature
0x031B	0x0871      	MOVF       R0+1, 0
0x031C	0x00E7      	MOVWF      _temperature+1
0x031D	0x0872      	MOVF       R0+2, 0
0x031E	0x00E8      	MOVWF      _temperature+2
0x031F	0x0873      	MOVF       R0+3, 0
0x0320	0x00E9      	MOVWF      _temperature+3
;receptor.c,177 :: 		if(store == 0)
0x0321	0x1683      	BSF        STATUS, 5
0x0322	0x0855      	MOVF       FLOC__main, 0
0x0323	0x3A00      	XORLW      0
0x0324	0x1D03      	BTFSS      STATUS, 2
0x0325	0x2B33      	GOTO       L_main13
;receptor.c,179 :: 		MOTOR1_TRAS = 0;
0x0326	0x1283      	BCF        STATUS, 5
0x0327	0x1286      	BCF        RB5_bit, 5
;receptor.c,180 :: 		MOTOR1_FRENTE = 0;
0x0328	0x1306      	BCF        RB6_bit, 6
;receptor.c,181 :: 		MOTOR2_TRAS = 0;
0x0329	0x1186      	BCF        RB3_bit, 3
;receptor.c,182 :: 		MOTOR1_FRENTE = 0;
0x032A	0x1306      	BCF        RB6_bit, 6
;receptor.c,183 :: 		Lcd_Out(2,1,"->   PARADO   <-");
0x032B	0x3002      	MOVLW      2
0x032C	0x1683      	BSF        STATUS, 5
0x032D	0x00D6      	MOVWF      FARG_Lcd_Out_row
0x032E	0x3001      	MOVLW      1
0x032F	0x00D7      	MOVWF      FARG_Lcd_Out_column
0x0330	0x30BA      	MOVLW      ?lstr6_receptor
0x0331	0x00D8      	MOVWF      FARG_Lcd_Out_text
0x0332	0x218C      	CALL       _Lcd_Out
;receptor.c,184 :: 		}
L_main13:
;receptor.c,185 :: 		if(store == 1)
0x0333	0x1283      	BCF        STATUS, 5
0x0334	0x086A      	MOVF       _store, 0
0x0335	0x3A01      	XORLW      1
0x0336	0x1D03      	BTFSS      STATUS, 2
0x0337	0x2B44      	GOTO       L_main14
;receptor.c,187 :: 		MOTOR1_TRAS = 1;
0x0338	0x1686      	BSF        RB5_bit, 5
;receptor.c,188 :: 		MOTOR1_FRENTE = 0;
0x0339	0x1306      	BCF        RB6_bit, 6
;receptor.c,189 :: 		MOTOR2_TRAS = 0;
0x033A	0x1186      	BCF        RB3_bit, 3
;receptor.c,190 :: 		MOTOR1_FRENTE = 1;
0x033B	0x1706      	BSF        RB6_bit, 6
;receptor.c,191 :: 		Lcd_Out(2,1,"->   DIREITA  <-");
0x033C	0x3002      	MOVLW      2
0x033D	0x1683      	BSF        STATUS, 5
0x033E	0x00D6      	MOVWF      FARG_Lcd_Out_row
0x033F	0x3001      	MOVLW      1
0x0340	0x00D7      	MOVWF      FARG_Lcd_Out_column
0x0341	0x3032      	MOVLW      ?lstr7_receptor
0x0342	0x00D8      	MOVWF      FARG_Lcd_Out_text
0x0343	0x218C      	CALL       _Lcd_Out
;receptor.c,192 :: 		}
L_main14:
;receptor.c,193 :: 		if(store == 2)
0x0344	0x1283      	BCF        STATUS, 5
0x0345	0x086A      	MOVF       _store, 0
0x0346	0x3A02      	XORLW      2
0x0347	0x1D03      	BTFSS      STATUS, 2
0x0348	0x2B55      	GOTO       L_main15
;receptor.c,195 :: 		MOTOR1_TRAS = 0;
0x0349	0x1286      	BCF        RB5_bit, 5
;receptor.c,196 :: 		MOTOR1_FRENTE = 1;
0x034A	0x1706      	BSF        RB6_bit, 6
;receptor.c,197 :: 		MOTOR2_TRAS = 0;
0x034B	0x1186      	BCF        RB3_bit, 3
;receptor.c,198 :: 		MOTOR1_FRENTE = 1;
0x034C	0x1706      	BSF        RB6_bit, 6
;receptor.c,199 :: 		Lcd_Out(2,1,"->   FRENTE   <-");
0x034D	0x3002      	MOVLW      2
0x034E	0x1683      	BSF        STATUS, 5
0x034F	0x00D6      	MOVWF      FARG_Lcd_Out_row
0x0350	0x3001      	MOVLW      1
0x0351	0x00D7      	MOVWF      FARG_Lcd_Out_column
0x0352	0x3043      	MOVLW      ?lstr8_receptor
0x0353	0x00D8      	MOVWF      FARG_Lcd_Out_text
0x0354	0x218C      	CALL       _Lcd_Out
;receptor.c,200 :: 		}
L_main15:
;receptor.c,201 :: 		if(store == 3)
0x0355	0x1283      	BCF        STATUS, 5
0x0356	0x086A      	MOVF       _store, 0
0x0357	0x3A03      	XORLW      3
0x0358	0x1D03      	BTFSS      STATUS, 2
0x0359	0x2B66      	GOTO       L_main16
;receptor.c,203 :: 		MOTOR1_TRAS = 1;
0x035A	0x1686      	BSF        RB5_bit, 5
;receptor.c,204 :: 		MOTOR1_FRENTE = 0;
0x035B	0x1306      	BCF        RB6_bit, 6
;receptor.c,205 :: 		MOTOR2_TRAS = 1;
0x035C	0x1586      	BSF        RB3_bit, 3
;receptor.c,206 :: 		MOTOR1_FRENTE = 0;
0x035D	0x1306      	BCF        RB6_bit, 6
;receptor.c,207 :: 		Lcd_Out(2,1,"->    TRAS    <-");
0x035E	0x3002      	MOVLW      2
0x035F	0x1683      	BSF        STATUS, 5
0x0360	0x00D6      	MOVWF      FARG_Lcd_Out_row
0x0361	0x3001      	MOVLW      1
0x0362	0x00D7      	MOVWF      FARG_Lcd_Out_column
0x0363	0x3054      	MOVLW      ?lstr9_receptor
0x0364	0x00D8      	MOVWF      FARG_Lcd_Out_text
0x0365	0x218C      	CALL       _Lcd_Out
;receptor.c,208 :: 		}
L_main16:
;receptor.c,209 :: 		if(store == 4)
0x0366	0x1283      	BCF        STATUS, 5
0x0367	0x086A      	MOVF       _store, 0
0x0368	0x3A04      	XORLW      4
0x0369	0x1D03      	BTFSS      STATUS, 2
0x036A	0x2B77      	GOTO       L_main17
;receptor.c,211 :: 		MOTOR1_TRAS = 0;
0x036B	0x1286      	BCF        RB5_bit, 5
;receptor.c,212 :: 		MOTOR1_FRENTE = 1;
0x036C	0x1706      	BSF        RB6_bit, 6
;receptor.c,213 :: 		MOTOR2_TRAS = 1;
0x036D	0x1586      	BSF        RB3_bit, 3
;receptor.c,214 :: 		MOTOR1_FRENTE = 0;
0x036E	0x1306      	BCF        RB6_bit, 6
;receptor.c,215 :: 		Lcd_Out(2,1,"->  ESQUERDA  <-");
0x036F	0x3002      	MOVLW      2
0x0370	0x1683      	BSF        STATUS, 5
0x0371	0x00D6      	MOVWF      FARG_Lcd_Out_row
0x0372	0x3001      	MOVLW      1
0x0373	0x00D7      	MOVWF      FARG_Lcd_Out_column
0x0374	0x3021      	MOVLW      ?lstr10_receptor
0x0375	0x00D8      	MOVWF      FARG_Lcd_Out_text
0x0376	0x218C      	CALL       _Lcd_Out
;receptor.c,216 :: 		}
L_main17:
;receptor.c,219 :: 		CSN = 0;
0x0377	0x1283      	BCF        STATUS, 5
0x0378	0x1089      	BCF        RE1_bit, 1
;receptor.c,220 :: 		SPI1_Write(0x27);
0x0379	0x3027      	MOVLW      39
0x037A	0x1683      	BSF        STATUS, 5
0x037B	0x00DA      	MOVWF      FARG_SPI1_Write_data_
0x037C	0x20B5      	CALL       _SPI1_Write
;receptor.c,221 :: 		SPI1_Write(0x70);
0x037D	0x3070      	MOVLW      112
0x037E	0x1683      	BSF        STATUS, 5
0x037F	0x00DA      	MOVWF      FARG_SPI1_Write_data_
0x0380	0x20B5      	CALL       _SPI1_Write
;receptor.c,222 :: 		CSN = 1;
0x0381	0x1489      	BSF        RE1_bit, 1
;receptor.c,225 :: 		CSN = 0;
0x0382	0x1089      	BCF        RE1_bit, 1
;receptor.c,226 :: 		SPI1_Write(0xE2);
0x0383	0x30E2      	MOVLW      226
0x0384	0x1683      	BSF        STATUS, 5
0x0385	0x00DA      	MOVWF      FARG_SPI1_Write_data_
0x0386	0x20B5      	CALL       _SPI1_Write
;receptor.c,227 :: 		CSN = 1;
0x0387	0x1489      	BSF        RE1_bit, 1
;receptor.c,229 :: 		flag = 0;
0x0388	0x01E5      	CLRF       _flag
;receptor.c,230 :: 		CE = 1;
0x0389	0x1509      	BSF        RE2_bit, 2
;receptor.c,232 :: 		}
L_main12:
;receptor.c,233 :: 		RB7_bit = 0;
0x038A	0x1386      	BCF        RB7_bit, 7
;receptor.c,234 :: 		} //end while
0x038B	0x2AFD      	GOTO       L_main10
;receptor.c,236 :: 		} //end main
0x038C	0x2B8C      	GOTO       $+0
; end of _main
0x0412	0x3021      	MOVLW      33
0x0413	0x0084      	MOVWF      FSR
0x0414	0x3045      	MOVLW      69
0x0415	0x1283      	BCF        STATUS, 5
0x0416	0x1303      	BCF        STATUS, 6
0x0417	0x00F0      	MOVWF      R0
0x0418	0x3092      	MOVLW      146
0x0419	0x1683      	BSF        STATUS, 5
0x041A	0x00D1      	MOVWF      ___DoICPAddr
0x041B	0x3003      	MOVLW      3
0x041C	0x00D2      	MOVWF      210
0x041D	0x2254      	CALL       596
0x041E	0x30A0      	MOVLW      160
0x041F	0x0084      	MOVWF      FSR
0x0420	0x301A      	MOVLW      26
0x0421	0x00F0      	MOVWF      R0
0x0422	0x30D7      	MOVLW      215
0x0423	0x1683      	BSF        STATUS, 5
0x0424	0x00D1      	MOVWF      ___DoICPAddr
0x0425	0x3003      	MOVLW      3
0x0426	0x00D2      	MOVWF      210
0x0427	0x2254      	CALL       596
0x0428	0x3066      	MOVLW      102
0x0429	0x0084      	MOVWF      FSR
0x042A	0x3006      	MOVLW      6
0x042B	0x00F0      	MOVWF      R0
0x042C	0x3002      	MOVLW      2
0x042D	0x1683      	BSF        STATUS, 5
0x042E	0x00D1      	MOVWF      ___DoICPAddr
0x042F	0x3004      	MOVLW      4
0x0430	0x00D2      	MOVWF      210
0x0431	0x2254      	CALL       596
0x0432	0x30BA      	MOVLW      186
0x0433	0x0084      	MOVWF      FSR
0x0434	0x3011      	MOVLW      17
0x0435	0x00F0      	MOVWF      R0
0x0436	0x30F1      	MOVLW      241
0x0437	0x1683      	BSF        STATUS, 5
0x0438	0x00D1      	MOVWF      ___DoICPAddr
0x0439	0x3003      	MOVLW      3
0x043A	0x00D2      	MOVWF      210
0x043B	0x2254      	CALL       596
0x043C	0x306C      	MOVLW      108
0x043D	0x0084      	MOVWF      FSR
0x043E	0x3004      	MOVLW      4
0x043F	0x00F0      	MOVWF      R0
0x0440	0x300D      	MOVLW      13
0x0441	0x1683      	BSF        STATUS, 5
0x0442	0x00D1      	MOVWF      ___DoICPAddr
0x0443	0x3004      	MOVLW      4
0x0444	0x00D2      	MOVWF      210
0x0445	0x2254      	CALL       596
0x0446	0x30CB      	MOVLW      203
0x0447	0x0084      	MOVWF      FSR
0x0448	0x3005      	MOVLW      5
0x0449	0x00F0      	MOVWF      R0
0x044A	0x3008      	MOVLW      8
0x044B	0x1683      	BSF        STATUS, 5
0x044C	0x00D1      	MOVWF      ___DoICPAddr
0x044D	0x3004      	MOVLW      4
0x044E	0x00D2      	MOVWF      210
0x044F	0x2254      	CALL       596
0x0450	0x0008      	RETURN
;receptor.c,0 :: ?ICS?lstr10_receptor
0x0392	0x342D ;?ICS?lstr10_receptor+0
0x0393	0x343E ;?ICS?lstr10_receptor+1
0x0394	0x3420 ;?ICS?lstr10_receptor+2
0x0395	0x3420 ;?ICS?lstr10_receptor+3
0x0396	0x3445 ;?ICS?lstr10_receptor+4
0x0397	0x3453 ;?ICS?lstr10_receptor+5
0x0398	0x3451 ;?ICS?lstr10_receptor+6
0x0399	0x3455 ;?ICS?lstr10_receptor+7
0x039A	0x3445 ;?ICS?lstr10_receptor+8
0x039B	0x3452 ;?ICS?lstr10_receptor+9
0x039C	0x3444 ;?ICS?lstr10_receptor+10
0x039D	0x3441 ;?ICS?lstr10_receptor+11
0x039E	0x3420 ;?ICS?lstr10_receptor+12
0x039F	0x3420 ;?ICS?lstr10_receptor+13
0x03A0	0x343C ;?ICS?lstr10_receptor+14
0x03A1	0x342D ;?ICS?lstr10_receptor+15
0x03A2	0x3400 ;?ICS?lstr10_receptor+16
; end of ?ICS?lstr10_receptor
;receptor.c,0 :: ?ICS?lstr7_receptor
0x03A3	0x342D ;?ICS?lstr7_receptor+0
0x03A4	0x343E ;?ICS?lstr7_receptor+1
0x03A5	0x3420 ;?ICS?lstr7_receptor+2
0x03A6	0x3420 ;?ICS?lstr7_receptor+3
0x03A7	0x3420 ;?ICS?lstr7_receptor+4
0x03A8	0x3444 ;?ICS?lstr7_receptor+5
0x03A9	0x3449 ;?ICS?lstr7_receptor+6
0x03AA	0x3452 ;?ICS?lstr7_receptor+7
0x03AB	0x3445 ;?ICS?lstr7_receptor+8
0x03AC	0x3449 ;?ICS?lstr7_receptor+9
0x03AD	0x3454 ;?ICS?lstr7_receptor+10
0x03AE	0x3441 ;?ICS?lstr7_receptor+11
0x03AF	0x3420 ;?ICS?lstr7_receptor+12
0x03B0	0x3420 ;?ICS?lstr7_receptor+13
0x03B1	0x343C ;?ICS?lstr7_receptor+14
0x03B2	0x342D ;?ICS?lstr7_receptor+15
0x03B3	0x3400 ;?ICS?lstr7_receptor+16
; end of ?ICS?lstr7_receptor
;receptor.c,0 :: ?ICS?lstr8_receptor
0x03B4	0x342D ;?ICS?lstr8_receptor+0
0x03B5	0x343E ;?ICS?lstr8_receptor+1
0x03B6	0x3420 ;?ICS?lstr8_receptor+2
0x03B7	0x3420 ;?ICS?lstr8_receptor+3
0x03B8	0x3420 ;?ICS?lstr8_receptor+4
0x03B9	0x3446 ;?ICS?lstr8_receptor+5
0x03BA	0x3452 ;?ICS?lstr8_receptor+6
0x03BB	0x3445 ;?ICS?lstr8_receptor+7
0x03BC	0x344E ;?ICS?lstr8_receptor+8
0x03BD	0x3454 ;?ICS?lstr8_receptor+9
0x03BE	0x3445 ;?ICS?lstr8_receptor+10
0x03BF	0x3420 ;?ICS?lstr8_receptor+11
0x03C0	0x3420 ;?ICS?lstr8_receptor+12
0x03C1	0x3420 ;?ICS?lstr8_receptor+13
0x03C2	0x343C ;?ICS?lstr8_receptor+14
0x03C3	0x342D ;?ICS?lstr8_receptor+15
0x03C4	0x3400 ;?ICS?lstr8_receptor+16
; end of ?ICS?lstr8_receptor
;receptor.c,0 :: ?ICS?lstr9_receptor
0x03C5	0x342D ;?ICS?lstr9_receptor+0
0x03C6	0x343E ;?ICS?lstr9_receptor+1
0x03C7	0x3420 ;?ICS?lstr9_receptor+2
0x03C8	0x3420 ;?ICS?lstr9_receptor+3
0x03C9	0x3420 ;?ICS?lstr9_receptor+4
0x03CA	0x3420 ;?ICS?lstr9_receptor+5
0x03CB	0x3454 ;?ICS?lstr9_receptor+6
0x03CC	0x3452 ;?ICS?lstr9_receptor+7
0x03CD	0x3441 ;?ICS?lstr9_receptor+8
0x03CE	0x3453 ;?ICS?lstr9_receptor+9
0x03CF	0x3420 ;?ICS?lstr9_receptor+10
0x03D0	0x3420 ;?ICS?lstr9_receptor+11
0x03D1	0x3420 ;?ICS?lstr9_receptor+12
0x03D2	0x3420 ;?ICS?lstr9_receptor+13
0x03D3	0x343C ;?ICS?lstr9_receptor+14
0x03D4	0x342D ;?ICS?lstr9_receptor+15
0x03D5	0x3400 ;?ICS?lstr9_receptor+16
; end of ?ICS?lstr9_receptor
;receptor.c,0 :: ?ICS_flag
0x03D6	0x3400 ;?ICS_flag+0
; end of ?ICS_flag
;receptor.c,0 :: ?ICS?lstr5_receptor
0x03D7	0x3420 ;?ICS?lstr5_receptor+0
0x03D8	0x3420 ;?ICS?lstr5_receptor+1
0x03D9	0x3420 ;?ICS?lstr5_receptor+2
0x03DA	0x344D ;?ICS?lstr5_receptor+3
0x03DB	0x3449 ;?ICS?lstr5_receptor+4
0x03DC	0x344E ;?ICS?lstr5_receptor+5
0x03DD	0x3448 ;?ICS?lstr5_receptor+6
0x03DE	0x3441 ;?ICS?lstr5_receptor+7
0x03DF	0x3420 ;?ICS?lstr5_receptor+8
0x03E0	0x3456 ;?ICS?lstr5_receptor+9
0x03E1	0x3449 ;?ICS?lstr5_receptor+10
0x03E2	0x3444 ;?ICS?lstr5_receptor+11
0x03E3	0x3441 ;?ICS?lstr5_receptor+12
0x03E4	0x3400 ;?ICS?lstr5_receptor+13
; end of ?ICS?lstr5_receptor
;receptor.c,0 :: ?ICS?lstr4_receptor
0x03E5	0x3420 ;?ICS?lstr4_receptor+0
0x03E6	0x3420 ;?ICS?lstr4_receptor+1
0x03E7	0x3420 ;?ICS?lstr4_receptor+2
0x03E8	0x3420 ;?ICS?lstr4_receptor+3
0x03E9	0x344D ;?ICS?lstr4_receptor+4
0x03EA	0x3445 ;?ICS?lstr4_receptor+5
0x03EB	0x3455 ;?ICS?lstr4_receptor+6
0x03EC	0x3420 ;?ICS?lstr4_receptor+7
0x03ED	0x3431 ;?ICS?lstr4_receptor+8
0x03EE	0x3430 ;?ICS?lstr4_receptor+9
0x03EF	0x3430 ;?ICS?lstr4_receptor+10
0x03F0	0x3400 ;?ICS?lstr4_receptor+11
; end of ?ICS?lstr4_receptor
;receptor.c,0 :: ?ICS?lstr6_receptor
0x03F1	0x342D ;?ICS?lstr6_receptor+0
0x03F2	0x343E ;?ICS?lstr6_receptor+1
0x03F3	0x3420 ;?ICS?lstr6_receptor+2
0x03F4	0x3420 ;?ICS?lstr6_receptor+3
0x03F5	0x3420 ;?ICS?lstr6_receptor+4
0x03F6	0x3450 ;?ICS?lstr6_receptor+5
0x03F7	0x3441 ;?ICS?lstr6_receptor+6
0x03F8	0x3452 ;?ICS?lstr6_receptor+7
0x03F9	0x3441 ;?ICS?lstr6_receptor+8
0x03FA	0x3444 ;?ICS?lstr6_receptor+9
0x03FB	0x344F ;?ICS?lstr6_receptor+10
0x03FC	0x3420 ;?ICS?lstr6_receptor+11
0x03FD	0x3420 ;?ICS?lstr6_receptor+12
0x03FE	0x3420 ;?ICS?lstr6_receptor+13
0x03FF	0x343C ;?ICS?lstr6_receptor+14
0x0400	0x342D ;?ICS?lstr6_receptor+15
0x0401	0x3400 ;?ICS?lstr6_receptor+16
; end of ?ICS?lstr6_receptor
;receptor.c,0 :: ?ICS_temperature
0x0402	0x3400 ;?ICS_temperature+0
0x0403	0x3400 ;?ICS_temperature+1
0x0404	0x3400 ;?ICS_temperature+2
0x0405	0x3400 ;?ICS_temperature+3
; end of ?ICS_temperature
;receptor.c,0 :: ?ICS_store
0x0406	0x3400 ;?ICS_store+0
; end of ?ICS_store
;receptor.c,0 :: ?ICS_buff1
0x0407	0x3400 ;?ICS_buff1+0
; end of ?ICS_buff1
;receptor.c,0 :: ?ICS?lstr2_receptor
0x0408	0x342E ;?ICS?lstr2_receptor+0
0x0409	0x342E ;?ICS?lstr2_receptor+1
0x040A	0x3400 ;?ICS?lstr2_receptor+2
; end of ?ICS?lstr2_receptor
;receptor.c,0 :: ?ICS?lstr1_receptor
0x040B	0x342E ;?ICS?lstr1_receptor+0
0x040C	0x3400 ;?ICS?lstr1_receptor+1
; end of ?ICS?lstr1_receptor
;receptor.c,0 :: ?ICS?lstr3_receptor
0x040D	0x342E ;?ICS?lstr3_receptor+0
0x040E	0x342E ;?ICS?lstr3_receptor+1
0x040F	0x342E ;?ICS?lstr3_receptor+2
0x0410	0x3400 ;?ICS?lstr3_receptor+3
; end of ?ICS?lstr3_receptor
Symbol List:
//** Routines locations **
//ADDRESS    SIZE    PROCEDURE
//----------------------------------------------
0x0004      [22]    _interrupt
0x001A       [6]    _Delay_1us
0x0020       [7]    _Delay_50us
0x0027      [13]    _Delay_5500us
0x0034      [12]    _SETFOV32
0x0040       [7]    _RES032
0x0047       [4]    _FIXSIGN32
0x004B      [94]    _Lcd_Cmd
0x00A9      [12]    _SETFUN32
0x00B5      [14]    _SPI1_Write
0x00C3       [9]    _Lcd_Chr_CP
0x00CC       [7]    _____DoICP
0x00D3      [90]    _NRM4032
0x012D      [16]    _Byte2Double
0x013D      [79]    _Lcd_Init
0x018C      [65]    _Lcd_Out
0x01CD      [14]    _SPI1_Read
0x01DB     [121]    _Config_NRF
0x0254      [12]    ___CC2DW
0x0260      [13]    _SPI1_Init
0x026D     [287]    _main
//** Variables locations ** 
//ADDRESS    SIZE    VARIABLE
//----------------------------------------------
0x0000       [1]    INDF
0x0001       [1]    TMR0
0x0002       [1]    PCL
0x0003       [0]    RP0_bit
0x0003       [0]    NOT_TO_bit
0x0003       [0]    RP1_bit
0x0003       [0]    DC_bit
0x0003       [0]    C_bit
0x0003       [0]    IRP_bit
0x0003       [0]    NOT_PD_bit
0x0003       [1]    STATUS
0x0003       [0]    Z_bit
0x0004       [1]    FSR
0x0004       [1]    FSRPTR
0x0005       [1]    PORTA
0x0005       [0]    RA4_bit
0x0005       [0]    RA3_bit
0x0005       [0]    RA0_bit
0x0005       [0]    RA2_bit
0x0005       [0]    RA1_bit
0x0005       [0]    RA5_bit
0x0006       [0]    RB1_bit
0x0006       [0]    RB2_bit
0x0006       [0]    RB7_bit
0x0006       [0]    RB6_bit
0x0006       [0]    RB4_bit
0x0006       [0]    RB5_bit
0x0006       [0]    RB3_bit
0x0006       [0]    RB0_bit
0x0006       [1]    PORTB
0x0007       [0]    RC1_bit
0x0007       [1]    PORTC
0x0007       [0]    RC6_bit
0x0007       [0]    RC3_bit
0x0007       [0]    RC2_bit
0x0007       [0]    RC5_bit
0x0007       [0]    RC0_bit
0x0007       [0]    RC7_bit
0x0007       [0]    RC4_bit
0x0008       [0]    LCD_RS
0x0008       [0]    RD2_bit
0x0008       [0]    LCD_D7
0x0008       [0]    RD4_bit
0x0008       [0]    LCD_D6
0x0008       [0]    RD5_bit
0x0008       [0]    RD0_bit
0x0008       [0]    RD7_bit
0x0008       [0]    RD6_bit
0x0008       [1]    PORTD
0x0008       [0]    LCD_EN
0x0008       [0]    RD1_bit
0x0008       [0]    LCD_D5
0x0008       [0]    RD3_bit
0x0008       [0]    LCD_D4
0x0009       [0]    RE2_bit
0x0009       [0]    RE0_bit
0x0009       [0]    RE1_bit
0x0009       [1]    PORTE
0x000A       [1]    PCLATH
0x000B       [0]    T0IE_bit
0x000B       [0]    PEIE_bit
0x000B       [0]    GIE_bit
0x000B       [0]    INTF_bit
0x000B       [0]    TMR0IF_bit
0x000B       [1]    INTCON
0x000B       [0]    RBIF_bit
0x000B       [0]    INTE_bit
0x000B       [0]    TMR0IE_bit
0x000B       [0]    T0IF_bit
0x000B       [0]    RBIE_bit
0x000C       [0]    ADIF_bit
0x000C       [0]    RCIF_bit
0x000C       [1]    PIR1
0x000C       [0]    PSPIF_bit
0x000C       [0]    TXIF_bit
0x000C       [0]    TMR2IF_bit
0x000C       [0]    TMR1IF_bit
0x000C       [0]    SSPIF_bit
0x000C       [0]    CCP1IF_bit
0x000D       [0]    CMIF_bit
0x000D       [1]    PIR2
0x000D       [0]    EEIF_bit
0x000D       [0]    CCP2IF_bit
0x000D       [0]    BCLIF_bit
0x000E       [1]    TMR1L
0x000F       [1]    TMR1H
0x0010       [0]    T1CKPS0_bit
0x0010       [0]    T1OSCEN_bit
0x0010       [1]    T1CON
0x0010       [0]    T1CKPS1_bit
0x0010       [0]    NOT_T1SYNC_bit
0x0010       [0]    TMR1CS_bit
0x0010       [0]    TMR1ON_bit
0x0010       [0]    T1INSYNC_bit
0x0010       [0]    T1SYNC_bit
0x0011       [1]    TMR2
0x0012       [0]    TMR2ON_bit
0x0012       [0]    TOUTPS0_bit
0x0012       [0]    T2CKPS0_bit
0x0012       [0]    T2CKPS1_bit
0x0012       [0]    TOUTPS3_bit
0x0012       [1]    T2CON
0x0012       [0]    TOUTPS1_bit
0x0012       [0]    TOUTPS2_bit
0x0013       [1]    SSPBUF
0x0014       [0]    SSPM1_bit
0x0014       [0]    SSPM2_bit
0x0014       [1]    SSPCON
0x0014       [0]    SSPM0_bit
0x0014       [0]    SSPOV_bit
0x0014       [0]    WCOL_bit
0x0014       [0]    SSPEN_bit
0x0014       [0]    SSPM3_bit
0x0014       [0]    CKP_bit
0x0015       [2]    CCPR1
0x0015       [1]    CCPR1L
0x0016       [1]    CCPR1H
0x0017       [0]    CCP1M1_bit
0x0017       [0]    CCP1M0_bit
0x0017       [1]    CCP1CON
0x0017       [0]    CCP1X_bit
0x0017       [0]    CCP1Y_bit
0x0017       [0]    CCP1M2_bit
0x0017       [0]    CCP1M3_bit
0x0018       [0]    CREN_bit
0x0018       [0]    ADDEN_bit
0x0018       [0]    FERR_bit
0x0018       [0]    RCD8_bit
0x0018       [0]    RX9D_bit
0x0018       [0]    OERR_bit
0x0018       [0]    SREN_bit
0x0018       [1]    RCSTA
0x0018       [0]    RX9_bit
0x0018       [0]    SPEN_bit
0x0018       [0]    RC8_9_bit
0x0018       [0]    NOT_RC8_bit
0x0018       [0]    RC9_bit
0x0019       [1]    TXREG
0x001A       [1]    RCREG
0x001B       [1]    CCPR2L
0x001B       [2]    CCPR2
0x001C       [1]    CCPR2H
0x001D       [0]    CCP2M0_bit
0x001D       [0]    CCP2M1_bit
0x001D       [1]    CCP2CON
0x001D       [0]    CCP2M3_bit
0x001D       [0]    CCP2M2_bit
0x001D       [0]    CCP2Y_bit
0x001D       [0]    CCP2X_bit
0x001E       [1]    ADRESH
0x001F       [0]    ADCS0_bit
0x001F       [0]    ADCS1_bit
0x001F       [1]    ADCON0
0x001F       [0]    GO_DONE_bit
0x001F       [0]    CHS0_bit
0x001F       [0]    NOT_DONE_bit
0x001F       [0]    GO_bit
0x001F       [0]    CHS1_bit
0x001F       [0]    CHS2_bit
0x001F       [0]    ADON_bit
0x0020       [1]    __math_tempbD
0x0021      [17]    ?lstr10_receptor
0x0032      [17]    ?lstr7_receptor
0x0043      [17]    ?lstr8_receptor
0x0054      [17]    ?lstr9_receptor
0x0065       [1]    _flag
0x0066       [4]    _temperature
0x006A       [1]    _store
0x006B       [1]    _buff1
0x006C       [4]    ?lstr3_receptor
0x0070       [1]    R0
0x0071       [1]    R1
0x0072       [1]    R2
0x0073       [1]    R3
0x0074       [1]    R4
0x0075       [1]    R5
0x0076       [1]    R6
0x0077       [1]    R7
0x0078       [1]    R8
0x0079       [1]    R9
0x007A       [1]    R10
0x007B       [1]    R11
0x007C       [1]    R12
0x007D       [1]    R13
0x007E       [1]    R14
0x007F       [1]    R15
0x0081       [0]    PSA_bit
0x0081       [0]    INTEDG_bit
0x0081       [0]    T0CS_bit
0x0081       [0]    PS1_bit
0x0081       [0]    PS0_bit
0x0081       [0]    PS2_bit
0x0081       [0]    NOT_RBPU_bit
0x0081       [1]    OPTION_REG
0x0081       [0]    T0SE_bit
0x0085       [0]    TRISA1_bit
0x0085       [0]    TRISA0_bit
0x0085       [1]    TRISA
0x0085       [0]    TRISA5_bit
0x0085       [0]    TRISA4_bit
0x0085       [0]    TRISA2_bit
0x0085       [0]    TRISA3_bit
0x0086       [0]    TRISB5_bit
0x0086       [0]    TRISB7_bit
0x0086       [0]    TRISB6_bit
0x0086       [1]    TRISB
0x0086       [0]    TRISB2_bit
0x0086       [0]    TRISB1_bit
0x0086       [0]    TRISB0_bit
0x0086       [0]    TRISB3_bit
0x0086       [0]    TRISB4_bit
0x0087       [0]    TRISC3_bit
0x0087       [0]    TRISC4_bit
0x0087       [0]    TRISC2_bit
0x0087       [0]    TRISC1_bit
0x0087       [0]    TRISC0_bit
0x0087       [0]    TRISC7_bit
0x0087       [1]    TRISC
0x0087       [0]    TRISC5_bit
0x0087       [0]    TRISC6_bit
0x0088       [0]    LCD_D6_Direction
0x0088       [0]    LCD_D5_Direction
0x0088       [1]    TRISD
0x0088       [0]    LCD_D7_Direction
0x0088       [0]    TRISD6_bit
0x0088       [0]    TRISD5_bit
0x0088       [0]    LCD_RS_Direction
0x0088       [0]    TRISD7_bit
0x0088       [0]    TRISD4_bit
0x0088       [0]    TRISD1_bit
0x0088       [0]    TRISD0_bit
0x0088       [0]    TRISD3_bit
0x0088       [0]    TRISD2_bit
0x0088       [0]    LCD_EN_Direction
0x0088       [0]    LCD_D4_Direction
0x0089       [0]    OBF_TRISE_bit
0x0089       [0]    PSPMODE_bit
0x0089       [0]    IBF_TRISE_bit
0x0089       [0]    IBOV_TRISE_bit
0x0089       [0]    TRISE0_bit
0x0089       [1]    TRISE
0x0089       [0]    TRISE1_bit
0x0089       [0]    PSPMODE_TRISE_bit
0x0089       [0]    TRISE2_bit
0x0089       [0]    IBOV_bit
0x0089       [0]    OBF_bit
0x0089       [0]    IBF_bit
0x008C       [0]    SSPIE_bit
0x008C       [0]    CCP1IE_bit
0x008C       [1]    PIE1
0x008C       [0]    PSPIE_bit
0x008C       [0]    ADIE_bit
0x008C       [0]    RCIE_bit
0x008C       [0]    TXIE_bit
0x008C       [0]    TMR2IE_bit
0x008C       [0]    TMR1IE_bit
0x008D       [0]    CCP2IE_bit
0x008D       [1]    PIE2
0x008D       [0]    BCLIE_bit
0x008D       [0]    CMIE_bit
0x008D       [0]    EEIE_bit
0x008E       [1]    PCON
0x008E       [0]    NOT_BOR_bit
0x008E       [0]    NOT_POR_bit
0x008E       [0]    NOT_BO_bit
0x0091       [0]    SEN_bit
0x0091       [0]    GCEN_bit
0x0091       [0]    ACKDT_bit
0x0091       [0]    ACKSTAT_bit
0x0091       [0]    RCEN_bit
0x0091       [0]    PEN_bit
0x0091       [0]    ACKEN_bit
0x0091       [0]    RSEN_bit
0x0091       [1]    SSPCON2
0x0092       [1]    PR2
0x0093       [1]    SSPADD
0x0094       [0]    S_bit
0x0094       [0]    I2C_START__bit
0x0094       [0]    SMP_bit
0x0094       [0]    NOT_WRITE_bit
0x0094       [0]    I2C_READ_bit
0x0094       [0]    NOT_A_bit
0x0094       [0]    DATA_ADDRESS_bit
0x0094       [0]    R_bit
0x0094       [0]    I2C_DATA_bit
0x0094       [0]    CKE_bit
0x0094       [0]    I2C_STOP__bit
0x0094       [0]    P_bit
0x0094       [0]    NOT_W_bit
0x0094       [0]    UA_bit
0x0094       [0]    D_A_bit
0x0094       [0]    READ_WRITE_bit
0x0094       [0]    D_bit
0x0094       [0]    NOT_ADDRESS_bit
0x0094       [0]    R_W_bit
0x0094       [1]    SSPSTAT
0x0094       [0]    BF_bit
0x0098       [0]    TRMT_bit
0x0098       [0]    TXD8_bit
0x0098       [0]    SYNC_bit
0x0098       [0]    TXEN_bit
0x0098       [1]    TXSTA
0x0098       [0]    TX9D_bit
0x0098       [0]    CSRC_bit
0x0098       [0]    BRGH_bit
0x0098       [0]    TX8_9_bit
0x0098       [0]    NOT_TX8_bit
0x0098       [0]    TX9_bit
0x0099       [1]    SPBRG
0x009C       [0]    C2OUT_bit
0x009C       [0]    CM1_bit
0x009C       [0]    C1OUT_bit
0x009C       [0]    CIS_bit
0x009C       [0]    CM0_bit
0x009C       [1]    CMCON
0x009C       [0]    C2INV_bit
0x009C       [0]    CM2_bit
0x009C       [0]    C1INV_bit
0x009D       [0]    CVR2_bit
0x009D       [0]    CVR1_bit
0x009D       [1]    CVRCON
0x009D       [0]    CVR3_bit
0x009D       [0]    CVRR_bit
0x009D       [0]    CVROE_bit
0x009D       [0]    CVREN_bit
0x009D       [0]    CVR0_bit
0x009E       [1]    ADRESL
0x009F       [0]    PCFG1_bit
0x009F       [0]    PCFG3_bit
0x009F       [0]    PCFG0_bit
0x009F       [0]    ADCS2_bit
0x009F       [1]    ADCON1
0x009F       [0]    PCFG2_bit
0x009F       [0]    ADFM_bit
0x00A0      [14]    ?lstr5_receptor
0x00AE      [12]    ?lstr4_receptor
0x00BA      [17]    ?lstr6_receptor
0x00CB       [3]    ?lstr2_receptor
0x00CE       [2]    ?lstr1_receptor
0x00D0       [0]    __Lib_Lcd_cmd_status
0x00D1       [2]    ___DoICPAddr
0x00D3       [1]    ___saveSTATUS
0x00D4       [1]    ___savePCLATH
0x00D5       [1]    FLOC__main
0x00D6       [1]    FARG_SPI1_Read_buffer
0x00D6       [1]    FARG_Lcd_Out_row
0x00D7       [1]    FARG_Lcd_Out_column
0x00D8       [1]    FARG_Lcd_Out_text
0x00D9       [1]    Lcd_Out_i_L0
0x00DA       [1]    FARG_SPI1_Write_data_
0x00DA       [1]    FARG_Lcd_Chr_CP_out_char
0x00DB       [1]    FARG_Lcd_Cmd_out_char
0x010C       [1]    EEDATA
0x010D       [1]    EEADR
0x010E       [1]    EEDATH
0x010F       [1]    EEADRH
0x018C       [1]    EECON1
0x018C       [0]    EEPGD_bit
0x018C       [0]    WRERR_bit
0x018C       [0]    WREN_bit
0x018C       [0]    RD_bit
0x018C       [0]    WR_bit
0x018D       [1]    EECON2
//** Constants locations ** 
//ADDRESS    SIZE    CONSTANT
//----------------------------------------------
0x0392      [17]    ?ICS?lstr10_receptor
0x03A3      [17]    ?ICS?lstr7_receptor
0x03B4      [17]    ?ICS?lstr8_receptor
0x03C5      [17]    ?ICS?lstr9_receptor
0x03D6       [1]    ?ICS_flag
0x03D7      [14]    ?ICS?lstr5_receptor
0x03E5      [12]    ?ICS?lstr4_receptor
0x03F1      [17]    ?ICS?lstr6_receptor
0x0402       [4]    ?ICS_temperature
0x0406       [1]    ?ICS_store
0x0407       [1]    ?ICS_buff1
0x0408       [3]    ?ICS?lstr2_receptor
0x040B       [2]    ?ICS?lstr1_receptor
0x040D       [4]    ?ICS?lstr3_receptor
//** Label List: ** 
//----------------------------------------------
  L_interrupt0
  L_CustomChar1
  L_CustomChar2
  L_CustomChar3
  L_Config_NRF4
  L_main5
  L_main6
  L_main7
  L_main8
  L_main9
  L_main10
  L_main11
  L_main12
  L_main13
  L_main14
  L_main15
  L_main16
  L_main17
  _interrupt
  L__interrupt18
  _CustomChar
  _Config_NRF
  _main
  L_Delay_10us0
  L_Delay_22us1
  L_Delay_50us2
  L_Delay_80us3
  L_Delay_500us4
  L_Delay_5500us5
  L_Delay_1ms6
  L_Delay_5ms7
  L_Delay_8ms8
  L_Delay_100ms9
  L_Delay_1sec10
  L_boot16_Delay_5ms11
  L_Delay_Cyc12
  L_Delay_Cyc13
  L_VDelay_ms14
  L_VDelay_ms15
  L_VDelay_ms16
  L_VDelay_Advanced_ms17
  L_VDelay_Advanced_ms18
  L_VDelay_Advanced_ms19
  _Get_Fosc_kHz
  _Delay_1us
  _Delay_10us
  _Delay_22us
  _Delay_50us
  _Delay_80us
  _Delay_500us
  _Delay_5500us
  _Delay_1ms
  _Delay_5ms
  _Delay_8ms
  _Delay_100ms
  _Delay_1sec
  _boot16_Delay_5ms
  _Delay_Cyc
  _VDelay_ms
  L__VDelay_ms20
  L__VDelay_ms21
  L__VDelay_ms22
  _VDelay_Advanced_ms
  L__VDelay_Advanced_ms23
  L__VDelay_Advanced_ms24
  L__VDelay_Advanced_ms25
  L_Lcd_Cmd0
  L_Lcd_Cmd1
  L_Lcd_Out_CP2
  L_Lcd_Out_CP3
  L_Lcd_Chr4
  L_Lcd_Chr5
  L_Lcd_Chr6
  L_Lcd_Chr7
  L_Lcd_Chr8
  L_Lcd_Chr9
  L_Lcd_Chr10
  L_Lcd_Out11
  L_Lcd_Out12
  L_Lcd_Out13
  L_Lcd_Out14
  L_Lcd_Out15
  L_Lcd_Out16
  L_Lcd_Out17
  L_Lcd_Out18
  L_Lcd_Out19
  _Lcd_Cmd
  L__Lcd_Cmd20
  L__Lcd_Cmd21
  L__Lcd_Cmd22
  L__Lcd_Cmd23
  L__Lcd_Cmd24
  L__Lcd_Cmd25
  L__Lcd_Cmd26
  L__Lcd_Cmd27
  L__Lcd_Cmd28
  L__Lcd_Cmd29
  L__Lcd_Cmd30
  L__Lcd_Cmd31
  L__Lcd_Cmd32
  L__Lcd_Cmd33
  L__Lcd_Cmd34
  L__Lcd_Cmd35
  L__Lcd_Cmd36
  L__Lcd_Cmd37
  L__Lcd_Cmd38
  L__Lcd_Cmd39
  _Lcd_Chr_CP
  _Lcd_Out_CP
  _Lcd_Chr
  _Lcd_Init
  _Lcd_Out
  SETFOV32EEE
  SETFUN32EEE
  NORM3232
  JPNRES032
  JPNSETFUN32
  NORM3232A
  JMPNFIXSIGN32
  NORM32EEE
  NRMRND4032
  NRM4032
  JMPSETFOV32
  NORM4032
  JMPRES032
  JMPSETFUN32
  NORM4032A
  JMPFIXSIGN32
  NRM4032EEE
  USEA32
  JMPEEE
  ALIGNED32
  ALIGNB32
  ALOOPB32
  AOK32
  ACOMP32
  JMPNRMRND4032
  ADD_JMPSETFOV32
  JMPNRM4032
  JMPNRM32
  ADD32EEE
  FPM32
  JPMRES032
  M32BNE0
  MTUN32
  JPMSETFOV32
  MOK32
  JPMSETFUN32
  MLOOP32
  MNOADD32
  MADD32
  MROUND32
  MUL32OK
  MUL32EEE
  L_Div_32x32_FP7
  L_Div_32x32_FP8
  L_Div_32x32_FP9
  L_Div_32x32_FP10
  FPD32
  JPDSETFDZ32
  JPDRES032
  D32BNE0
  TALIGN32
  TS1ALIGN32
  TS2ALIGN32
  DALIGN32OK
  ALTB32
  AGEB32
  JPDSETFOV32
  DARGOK32
  JPDSETFUN32
  DLOOP32
  DS132
  DS232
  DREST32
  DOK32
  DAREST32
  DROUND32
  DIV32OK
  DIV32EEE
  SETIOV3224EEE
  INT3232U
  INT3232UEOK
  SETEXP32U
  SETIOV32U
  TSHIFT3232U
  SHIFT3232UOK
  SHIFT3232U
  INT3232UOK
  JPLSETIOV3224
  IRES032U
  INT3232UEER
  INT3232UEEE
  L_Double2Longword_0
  INT3232
  INT3232EOK
  SETIOV32
  TSHIFT3232
  SHIFT3232OK
  SHIFT3232
  INT3232OK
  JPISETIOV3224
  IRES032
  INT3232EER
  INT3232EEE
  L_Double2Longint_0
  INT3216
  IRES016
  SETIOV16
  TSHIFT3216
  SHIFT3216OK
  SHIFT3216
  INT3216OK
  JPJSETIOV3224
  INT3216EOK
  INT3216EER
  INT3216EEE
  L_Double2Int_0
  INT3216U
  IRES016U
  SETEXP16U
  SETIOV16U
  TSHIFT3216U
  SHIFT3216UOK
  SHIFT3216U
  INT3216UOK
  JPKSETIOV3224
  INT3216UEOK
  INT3216UEER
  INT3216UEEE
  L_Double2Word_0
  INT32U08
  IRES008
  SETEXP08
  SETIOV08
  TSHIFT3208
  SHIFT3208OK
  SHIFT3208
  INT3208OK
  D2B_JPKSETIOV3224
  INT3208EOK
  INT3208EER
  INT3208EEE
  L_Double2Byte_0
  FLO08U32
  FLO1632
  FLO1632EEE
  FLO16U32
  FLO3232
  FLO3232EEE
  FLO32U32
  EQU_FALSE
  COMPARE_EQU
  COMPARE_NOTZERO
  COMPARE_XNOTZERO
  COMPARE_YNOTZERO
  COMPARE_LT
  COMPARE_GT
  COMPARE_TESTALL
  COMPARE_C1
  GT_FALSE
  GT_TRUE
  COMPARE_C2
  COMPARE_C3
  _SETFOV32
  _SETFDZ32
  _FIXSIGN32
  _RES032
  _SETFUN32
  _NRM3232
  _NRM4032
  _Add_32x32_FP
  _Sub_32x32_FP
  _Mul_32x32_FP
  _Div_32x32_FP
  _SETIOV3224
  _Double2Longword
  _Double2Longint
  _Double2Int
  _Double2Word
  _Double2Byte
  _Byte2Double
  _Int2Double
  _Word2Double
  _Longint2Double
  _Longword2Double
  _Equals_Double
  _Compare_Double
  L_SPI1_Init_Advanced0
  L_SPI1_Init_Advanced1
  L_SPI1_Init_Advanced2
  L_SPI1_Init_Advanced3
  L_SPI1_Init_Advanced4
  L_SPI1_Init_Advanced5
  L_SPI1_Read6
  L_SPI1_Read7
  L_SPI1_Write8
  L_SPI1_Write9
  _SPI1_Init
  _SPI1_Init_Advanced
  _SPI1_Read
  _SPI1_Write
  _CC2D_Loop1
  _____DoICP
  _____DoIFC
  ___CC2DW
  _Swap
  L_interrupt0
  L_CustomChar1
  L_CustomChar2
  L_CustomChar3
  L_Config_NRF4
  L_main5
  L_main6
  L_main7
  L_main8
  L_main9
  L_main10
  L_main11
  L_main12
  L_main13
  L_main14
  L_main15
  L_main16
  L_main17
  _interrupt
  L__interrupt18
  _CustomChar
  _Config_NRF
  _main
