;  LST file generated by mikroListExporter - v.2.0 
; Date/Time: 10/09/2016 01:21:53
;----------------------------------------------

;Address Opcode 	ASM
0x0000	0x28C0      	GOTO       192
_interrupt:
0x0004	0x00FF      	MOVWF      R15
0x0005	0x0E03      	SWAPF      STATUS, 0
0x0006	0x0183      	CLRF       STATUS
0x0007	0x00A4      	MOVWF      ___saveSTATUS
0x0008	0x080A      	MOVF       PCLATH, 0
0x0009	0x00A5      	MOVWF      ___savePCLATH
0x000A	0x018A      	CLRF       PCLATH
;transmissor.c,13 :: 		void interrupt(){
;transmissor.c,14 :: 		if(INTF_bit){                  //Flag do RB0/int
0x000B	0x1C8B      	BTFSS      INTF_bit, 1
0x000C	0x2810      	GOTO       L_interrupt0
;transmissor.c,15 :: 		INTF_bit = 0;
0x000D	0x108B      	BCF        INTF_bit, 1
;transmissor.c,16 :: 		flag = 1;
0x000E	0x3001      	MOVLW      1
0x000F	0x00A0      	MOVWF      _flag
;transmissor.c,17 :: 		}
L_interrupt0:
;transmissor.c,18 :: 		}
L__interrupt13:
0x0010	0x0825      	MOVF       ___savePCLATH, 0
0x0011	0x008A      	MOVWF      PCLATH
0x0012	0x0E24      	SWAPF      ___saveSTATUS, 0
0x0013	0x0083      	MOVWF      STATUS
0x0014	0x0EFF      	SWAPF      R15, 1
0x0015	0x0E7F      	SWAPF      R15, 0
0x0016	0x0009      	RETFIE
; end of _interrupt
_SPI1_Write:
;__Lib_SPI_c345.c,67 :: 		
;__Lib_SPI_c345.c,70 :: 		
0x0017	0x1283      	BCF        STATUS, 5
0x0018	0x1303      	BCF        STATUS, 6
0x0019	0x0827      	MOVF       FARG_SPI1_Write_data_, 0
0x001A	0x0093      	MOVWF      SSPBUF
;__Lib_SPI_c345.c,71 :: 		
L_SPI1_Write8:
0x001B	0x1683      	BSF        STATUS, 5
0x001C	0x1814      	BTFSC      SSPSTAT, 0
0x001D	0x2820      	GOTO       L_SPI1_Write9
;__Lib_SPI_c345.c,72 :: 		
0x001E	0x0000      	NOP
0x001F	0x281B      	GOTO       L_SPI1_Write8
L_SPI1_Write9:
;__Lib_SPI_c345.c,73 :: 		
0x0020	0x1283      	BCF        STATUS, 5
0x0021	0x0813      	MOVF       SSPBUF, 0
0x0022	0x00F0      	MOVWF      R0
;__Lib_SPI_c345.c,75 :: 		
0x0023	0x0008      	RETURN
; end of _SPI1_Write
_____DoICP:
;__Lib_System.c,6 :: 		
;__Lib_System.c,9 :: 		
0x0024	0x1283      	BCF        STATUS, 5
0x0025	0x1303      	BCF        STATUS, 6
0x0026	0x0823      	MOVF       ___DoICPAddr+1, 0
0x0027	0x008A      	MOVWF      PCLATH
;__Lib_System.c,10 :: 		
0x0028	0x0822      	MOVF       ___DoICPAddr, 0
0x0029	0x0082      	MOVWF      PCL
;__Lib_System.c,12 :: 		
0x002A	0x0008      	RETURN
; end of _____DoICP
_SPI1_Init:
;__Lib_SPI_c345.c,16 :: 		
;__Lib_SPI_c345.c,19 :: 		
0x002B	0x1683      	BSF        STATUS, 5
0x002C	0x1303      	BCF        STATUS, 6
0x002D	0x1287      	BCF        TRISC5_bit, 5
;__Lib_SPI_c345.c,20 :: 		
0x002E	0x1187      	BCF        TRISC3_bit, 3
;__Lib_SPI_c345.c,21 :: 		
0x002F	0x1607      	BSF        TRISC4_bit, 4
;__Lib_SPI_c345.c,23 :: 		
0x0030	0x1283      	BCF        STATUS, 5
0x0031	0x0194      	CLRF       SSPCON
;__Lib_SPI_c345.c,24 :: 		
0x0032	0x3040      	MOVLW      64
0x0033	0x1683      	BSF        STATUS, 5
0x0034	0x0094      	MOVWF      SSPSTAT
;__Lib_SPI_c345.c,25 :: 		
0x0035	0x1283      	BCF        STATUS, 5
0x0036	0x1694      	BSF        SSPCON, 5
;__Lib_SPI_c345.c,27 :: 		
0x0037	0x0008      	RETURN
; end of _SPI1_Init
___CC2DW:
;__Lib_System.c,24 :: 		
;__Lib_System.c,27 :: 		
_CC2D_Loop1:
;__Lib_System.c,29 :: 		
0x0038	0x2024      	CALL       _____DoICP
0x0039	0x118A      	BCF        PCLATH, 3
0x003A	0x120A      	BCF        PCLATH, 4
;__Lib_System.c,31 :: 		
0x003B	0x0080      	MOVWF      INDF
;__Lib_System.c,32 :: 		
0x003C	0x0A84      	INCF       FSR, 1
;__Lib_System.c,33 :: 		
0x003D	0x0AA2      	INCF       ___DoICPAddr, 1
;__Lib_System.c,35 :: 		
0x003E	0x1903      	BTFSC      STATUS, 2
;__Lib_System.c,36 :: 		
0x003F	0x0AA3      	INCF       ___DoICPAddr+1, 1
;__Lib_System.c,37 :: 		
0x0040	0x03F0      	DECF       R0, 1
;__Lib_System.c,39 :: 		
0x0041	0x1D03      	BTFSS      STATUS, 2
;__Lib_System.c,40 :: 		
0x0042	0x2838      	GOTO       _CC2D_Loop1
;__Lib_System.c,42 :: 		
0x0043	0x0008      	RETURN
; end of ___CC2DW
_Send_NRF:
;transmissor.c,92 :: 		void Send_NRF(unsigned short dat){
;transmissor.c,94 :: 		CSN = 0;
0x0044	0x1283      	BCF        STATUS, 5
0x0045	0x1303      	BCF        STATUS, 6
0x0046	0x1089      	BCF        RE1_bit, 1
;transmissor.c,95 :: 		SPI1_Write(0b10100000);
0x0047	0x30A0      	MOVLW      160
0x0048	0x00A7      	MOVWF      FARG_SPI1_Write_data_
0x0049	0x2017      	CALL       _SPI1_Write
;transmissor.c,96 :: 		SPI1_Write(dat);
0x004A	0x0826      	MOVF       FARG_Send_NRF_dat, 0
0x004B	0x00A7      	MOVWF      FARG_SPI1_Write_data_
0x004C	0x2017      	CALL       _SPI1_Write
;transmissor.c,97 :: 		CSN = 1;
0x004D	0x1489      	BSF        RE1_bit, 1
;transmissor.c,99 :: 		CE = 1;
0x004E	0x1509      	BSF        RE2_bit, 2
;transmissor.c,100 :: 		delay_us(20);
0x004F	0x3021      	MOVLW      33
0x0050	0x00FD      	MOVWF      R13
L_Send_NRF1:
0x0051	0x0BFD      	DECFSZ     R13, 1
0x0052	0x2851      	GOTO       L_Send_NRF1
;transmissor.c,101 :: 		CE = 0;
0x0053	0x1109      	BCF        RE2_bit, 2
;transmissor.c,102 :: 		}
0x0054	0x0008      	RETURN
; end of _Send_NRF
_Config_NRF:
;transmissor.c,20 :: 		void Config_NRF(){
;transmissor.c,23 :: 		CSN = 0;
0x0055	0x1283      	BCF        STATUS, 5
0x0056	0x1303      	BCF        STATUS, 6
0x0057	0x1089      	BCF        RE1_bit, 1
;transmissor.c,24 :: 		SPI1_Write(0x20);
0x0058	0x3020      	MOVLW      32
0x0059	0x00A7      	MOVWF      FARG_SPI1_Write_data_
0x005A	0x2017      	CALL       _SPI1_Write
;transmissor.c,25 :: 		SPI1_Write(0x0E);
0x005B	0x300E      	MOVLW      14
0x005C	0x00A7      	MOVWF      FARG_SPI1_Write_data_
0x005D	0x2017      	CALL       _SPI1_Write
;transmissor.c,26 :: 		CSN = 1;
0x005E	0x1489      	BSF        RE1_bit, 1
;transmissor.c,29 :: 		CSN = 0;
0x005F	0x1089      	BCF        RE1_bit, 1
;transmissor.c,30 :: 		SPI1_Write(0x21);
0x0060	0x3021      	MOVLW      33
0x0061	0x00A7      	MOVWF      FARG_SPI1_Write_data_
0x0062	0x2017      	CALL       _SPI1_Write
;transmissor.c,31 :: 		SPI1_Write(0x01);
0x0063	0x3001      	MOVLW      1
0x0064	0x00A7      	MOVWF      FARG_SPI1_Write_data_
0x0065	0x2017      	CALL       _SPI1_Write
;transmissor.c,32 :: 		CSN = 1;
0x0066	0x1489      	BSF        RE1_bit, 1
;transmissor.c,35 :: 		CSN = 0;
0x0067	0x1089      	BCF        RE1_bit, 1
;transmissor.c,36 :: 		SPI1_Write(0x22);
0x0068	0x3022      	MOVLW      34
0x0069	0x00A7      	MOVWF      FARG_SPI1_Write_data_
0x006A	0x2017      	CALL       _SPI1_Write
;transmissor.c,37 :: 		SPI1_Write(0x01);
0x006B	0x3001      	MOVLW      1
0x006C	0x00A7      	MOVWF      FARG_SPI1_Write_data_
0x006D	0x2017      	CALL       _SPI1_Write
;transmissor.c,38 :: 		CSN = 1;
0x006E	0x1489      	BSF        RE1_bit, 1
;transmissor.c,41 :: 		CSN = 0;
0x006F	0x1089      	BCF        RE1_bit, 1
;transmissor.c,42 :: 		SPI1_Write(0x23);
0x0070	0x3023      	MOVLW      35
0x0071	0x00A7      	MOVWF      FARG_SPI1_Write_data_
0x0072	0x2017      	CALL       _SPI1_Write
;transmissor.c,43 :: 		SPI1_Write(0x03);
0x0073	0x3003      	MOVLW      3
0x0074	0x00A7      	MOVWF      FARG_SPI1_Write_data_
0x0075	0x2017      	CALL       _SPI1_Write
;transmissor.c,44 :: 		CSN = 1;
0x0076	0x1489      	BSF        RE1_bit, 1
;transmissor.c,47 :: 		CSN = 0;
0x0077	0x1089      	BCF        RE1_bit, 1
;transmissor.c,48 :: 		SPI1_Write(0x24);
0x0078	0x3024      	MOVLW      36
0x0079	0x00A7      	MOVWF      FARG_SPI1_Write_data_
0x007A	0x2017      	CALL       _SPI1_Write
;transmissor.c,49 :: 		SPI1_Write(0x01);
0x007B	0x3001      	MOVLW      1
0x007C	0x00A7      	MOVWF      FARG_SPI1_Write_data_
0x007D	0x2017      	CALL       _SPI1_Write
;transmissor.c,50 :: 		CSN = 1;
0x007E	0x1489      	BSF        RE1_bit, 1
;transmissor.c,53 :: 		CSN = 0;
0x007F	0x1089      	BCF        RE1_bit, 1
;transmissor.c,54 :: 		SPI1_Write(0x25);
0x0080	0x3025      	MOVLW      37
0x0081	0x00A7      	MOVWF      FARG_SPI1_Write_data_
0x0082	0x2017      	CALL       _SPI1_Write
;transmissor.c,55 :: 		SPI1_Write(0x01);
0x0083	0x3001      	MOVLW      1
0x0084	0x00A7      	MOVWF      FARG_SPI1_Write_data_
0x0085	0x2017      	CALL       _SPI1_Write
;transmissor.c,56 :: 		CSN = 1;
0x0086	0x1489      	BSF        RE1_bit, 1
;transmissor.c,59 :: 		CSN = 0;
0x0087	0x1089      	BCF        RE1_bit, 1
;transmissor.c,60 :: 		SPI1_Write(0x26);
0x0088	0x3026      	MOVLW      38
0x0089	0x00A7      	MOVWF      FARG_SPI1_Write_data_
0x008A	0x2017      	CALL       _SPI1_Write
;transmissor.c,61 :: 		SPI1_Write(0x26);
0x008B	0x3026      	MOVLW      38
0x008C	0x00A7      	MOVWF      FARG_SPI1_Write_data_
0x008D	0x2017      	CALL       _SPI1_Write
;transmissor.c,62 :: 		CSN = 1;
0x008E	0x1489      	BSF        RE1_bit, 1
;transmissor.c,65 :: 		CSN = 0;
0x008F	0x1089      	BCF        RE1_bit, 1
;transmissor.c,66 :: 		SPI1_Write(0x27);
0x0090	0x3027      	MOVLW      39
0x0091	0x00A7      	MOVWF      FARG_SPI1_Write_data_
0x0092	0x2017      	CALL       _SPI1_Write
;transmissor.c,67 :: 		SPI1_Write(0x70);
0x0093	0x3070      	MOVLW      112
0x0094	0x00A7      	MOVWF      FARG_SPI1_Write_data_
0x0095	0x2017      	CALL       _SPI1_Write
;transmissor.c,68 :: 		CSN = 1;
0x0096	0x1489      	BSF        RE1_bit, 1
;transmissor.c,71 :: 		CSN = 0;
0x0097	0x1089      	BCF        RE1_bit, 1
;transmissor.c,72 :: 		SPI1_Write(0x30);
0x0098	0x3030      	MOVLW      48
0x0099	0x00A7      	MOVWF      FARG_SPI1_Write_data_
0x009A	0x2017      	CALL       _SPI1_Write
;transmissor.c,73 :: 		SPI1_Write(ENDER);
0x009B	0x3078      	MOVLW      120
0x009C	0x00A7      	MOVWF      FARG_SPI1_Write_data_
0x009D	0x2017      	CALL       _SPI1_Write
;transmissor.c,74 :: 		SPI1_Write(ENDER);
0x009E	0x3078      	MOVLW      120
0x009F	0x00A7      	MOVWF      FARG_SPI1_Write_data_
0x00A0	0x2017      	CALL       _SPI1_Write
;transmissor.c,75 :: 		SPI1_Write(ENDER);
0x00A1	0x3078      	MOVLW      120
0x00A2	0x00A7      	MOVWF      FARG_SPI1_Write_data_
0x00A3	0x2017      	CALL       _SPI1_Write
;transmissor.c,76 :: 		SPI1_Write(ENDER);
0x00A4	0x3078      	MOVLW      120
0x00A5	0x00A7      	MOVWF      FARG_SPI1_Write_data_
0x00A6	0x2017      	CALL       _SPI1_Write
;transmissor.c,77 :: 		SPI1_Write(ENDER);
0x00A7	0x3078      	MOVLW      120
0x00A8	0x00A7      	MOVWF      FARG_SPI1_Write_data_
0x00A9	0x2017      	CALL       _SPI1_Write
;transmissor.c,78 :: 		CSN = 1;
0x00AA	0x1489      	BSF        RE1_bit, 1
;transmissor.c,81 :: 		CSN = 0;
0x00AB	0x1089      	BCF        RE1_bit, 1
;transmissor.c,82 :: 		SPI1_Write(0x2A);
0x00AC	0x302A      	MOVLW      42
0x00AD	0x00A7      	MOVWF      FARG_SPI1_Write_data_
0x00AE	0x2017      	CALL       _SPI1_Write
;transmissor.c,83 :: 		SPI1_Write(ENDER);
0x00AF	0x3078      	MOVLW      120
0x00B0	0x00A7      	MOVWF      FARG_SPI1_Write_data_
0x00B1	0x2017      	CALL       _SPI1_Write
;transmissor.c,84 :: 		SPI1_Write(ENDER);
0x00B2	0x3078      	MOVLW      120
0x00B3	0x00A7      	MOVWF      FARG_SPI1_Write_data_
0x00B4	0x2017      	CALL       _SPI1_Write
;transmissor.c,85 :: 		SPI1_Write(ENDER);
0x00B5	0x3078      	MOVLW      120
0x00B6	0x00A7      	MOVWF      FARG_SPI1_Write_data_
0x00B7	0x2017      	CALL       _SPI1_Write
;transmissor.c,86 :: 		SPI1_Write(ENDER);
0x00B8	0x3078      	MOVLW      120
0x00B9	0x00A7      	MOVWF      FARG_SPI1_Write_data_
0x00BA	0x2017      	CALL       _SPI1_Write
;transmissor.c,87 :: 		SPI1_Write(ENDER);
0x00BB	0x3078      	MOVLW      120
0x00BC	0x00A7      	MOVWF      FARG_SPI1_Write_data_
0x00BD	0x2017      	CALL       _SPI1_Write
;transmissor.c,88 :: 		CSN = 1;
0x00BE	0x1489      	BSF        RE1_bit, 1
;transmissor.c,89 :: 		}
0x00BF	0x0008      	RETURN
; end of _Config_NRF
_main:
0x00C0	0x1283      	BCF        STATUS, 5
0x00C1	0x1303      	BCF        STATUS, 6
0x00C2	0x01A0      	CLRF       _flag
;transmissor.c,104 :: 		void main() {
;transmissor.c,105 :: 		CMCON = 0x07;
0x00C3	0x3007      	MOVLW      7
0x00C4	0x1683      	BSF        STATUS, 5
0x00C5	0x009C      	MOVWF      CMCON
;transmissor.c,106 :: 		ADCON0 = 0b00000001;    //Ativa o conversor AD
0x00C6	0x3001      	MOVLW      1
0x00C7	0x1283      	BCF        STATUS, 5
0x00C8	0x009F      	MOVWF      ADCON0
;transmissor.c,107 :: 		ADCON1 = 0b00001110;    //Seleciona o pino analógico AN0
0x00C9	0x300E      	MOVLW      14
0x00CA	0x1683      	BSF        STATUS, 5
0x00CB	0x009F      	MOVWF      ADCON1
;transmissor.c,109 :: 		TRISE.TRISE1 = 0;
0x00CC	0x1089      	BCF        TRISE, 1
;transmissor.c,110 :: 		TRISE.TRISE2 = 0;
0x00CD	0x1109      	BCF        TRISE, 2
;transmissor.c,111 :: 		TRISB.TRISB2 = 0;
0x00CE	0x1106      	BCF        TRISB, 2
;transmissor.c,112 :: 		RB2_bit = 0;
0x00CF	0x1283      	BCF        STATUS, 5
0x00D0	0x1106      	BCF        RB2_bit, 2
;transmissor.c,113 :: 		TRISB.TRISB0 = 1;       //Entrada do RB0 para interrupção
0x00D1	0x1683      	BSF        STATUS, 5
0x00D2	0x1406      	BSF        TRISB, 0
;transmissor.c,114 :: 		TRISB.TRISB1 = 1;
0x00D3	0x1486      	BSF        TRISB, 1
;transmissor.c,115 :: 		CSN = 1;                //Pino CSN do SPI
0x00D4	0x1283      	BCF        STATUS, 5
0x00D5	0x1489      	BSF        RE1_bit, 1
;transmissor.c,116 :: 		CE = 0;                 //NRF em standby - I
0x00D6	0x1109      	BCF        RE2_bit, 2
;transmissor.c,118 :: 		TRISB.TRISB7 = 1;
0x00D7	0x1683      	BSF        STATUS, 5
0x00D8	0x1786      	BSF        TRISB, 7
;transmissor.c,119 :: 		TRISB.TRISB6 = 1;
0x00D9	0x1706      	BSF        TRISB, 6
;transmissor.c,120 :: 		TRISB.TRISB5 = 1;
0x00DA	0x1686      	BSF        TRISB, 5
;transmissor.c,121 :: 		TRISB.TRISB4 = 1;
0x00DB	0x1606      	BSF        TRISB, 4
;transmissor.c,122 :: 		TRISD.TRISD0 = 0;
0x00DC	0x1008      	BCF        TRISD, 0
;transmissor.c,125 :: 		INTCON = 0b11010000;          //Configuração de interrupções e flags de interrupção (Timer0, RB0)
0x00DD	0x30D0      	MOVLW      208
0x00DE	0x008B      	MOVWF      INTCON
;transmissor.c,128 :: 		SPI1_Init();
0x00DF	0x202B      	CALL       _SPI1_Init
;transmissor.c,129 :: 		delay_ms(100);
0x00E0	0x3003      	MOVLW      3
0x00E1	0x00FB      	MOVWF      R11
0x00E2	0x308A      	MOVLW      138
0x00E3	0x00FC      	MOVWF      R12
0x00E4	0x3055      	MOVLW      85
0x00E5	0x00FD      	MOVWF      R13
L_main2:
0x00E6	0x0BFD      	DECFSZ     R13, 1
0x00E7	0x28E6      	GOTO       L_main2
0x00E8	0x0BFC      	DECFSZ     R12, 1
0x00E9	0x28E6      	GOTO       L_main2
0x00EA	0x0BFB      	DECFSZ     R11, 1
0x00EB	0x28E6      	GOTO       L_main2
0x00EC	0x0000      	NOP
0x00ED	0x0000      	NOP
;transmissor.c,131 :: 		Config_NRF();                 // Configura NRF24L01+
0x00EE	0x2055      	CALL       _Config_NRF
;transmissor.c,133 :: 		while(1){
L_main3:
;transmissor.c,134 :: 		delay_ms(1000);
0x00EF	0x301A      	MOVLW      26
0x00F0	0x00FB      	MOVWF      R11
0x00F1	0x305E      	MOVLW      94
0x00F2	0x00FC      	MOVWF      R12
0x00F3	0x306E      	MOVLW      110
0x00F4	0x00FD      	MOVWF      R13
L_main5:
0x00F5	0x0BFD      	DECFSZ     R13, 1
0x00F6	0x28F5      	GOTO       L_main5
0x00F7	0x0BFC      	DECFSZ     R12, 1
0x00F8	0x28F5      	GOTO       L_main5
0x00F9	0x0BFB      	DECFSZ     R11, 1
0x00FA	0x28F5      	GOTO       L_main5
0x00FB	0x0000      	NOP
;transmissor.c,135 :: 		valor = 0;
0x00FC	0x01A1      	CLRF       _valor
;transmissor.c,136 :: 		if(RIGHT)
0x00FD	0x1E06      	BTFSS      RB4_bit, 4
0x00FE	0x2901      	GOTO       L_main6
;transmissor.c,137 :: 		valor = 1;
0x00FF	0x3001      	MOVLW      1
0x0100	0x00A1      	MOVWF      _valor
L_main6:
;transmissor.c,138 :: 		if(UP)
0x0101	0x1E86      	BTFSS      RB5_bit, 5
0x0102	0x2905      	GOTO       L_main7
;transmissor.c,139 :: 		valor = 2;
0x0103	0x3002      	MOVLW      2
0x0104	0x00A1      	MOVWF      _valor
L_main7:
;transmissor.c,140 :: 		if(DOWN)
0x0105	0x1F06      	BTFSS      RB6_bit, 6
0x0106	0x2909      	GOTO       L_main8
;transmissor.c,141 :: 		valor = 3;
0x0107	0x3003      	MOVLW      3
0x0108	0x00A1      	MOVWF      _valor
L_main8:
;transmissor.c,142 :: 		if(LEFT)
0x0109	0x1F86      	BTFSS      RB7_bit, 7
0x010A	0x290D      	GOTO       L_main9
;transmissor.c,143 :: 		valor = 4;
0x010B	0x3004      	MOVLW      4
0x010C	0x00A1      	MOVWF      _valor
L_main9:
;transmissor.c,145 :: 		LED = RIGHT || UP || DOWN || LEFT;
0x010D	0x1A06      	BTFSC      RB4_bit, 4
0x010E	0x2917      	GOTO       L_main11
0x010F	0x1A86      	BTFSC      RB5_bit, 5
0x0110	0x2917      	GOTO       L_main11
0x0111	0x1B06      	BTFSC      RB6_bit, 6
0x0112	0x2917      	GOTO       L_main11
0x0113	0x1B86      	BTFSC      RB7_bit, 7
0x0114	0x2917      	GOTO       L_main11
0x0115	0x01F0      	CLRF       R0
0x0116	0x2919      	GOTO       L_main10
L_main11:
0x0117	0x3001      	MOVLW      1
0x0118	0x00F0      	MOVWF      R0
L_main10:
0x0119	0x1870      	BTFSC      R0, 0
0x011A	0x291D      	GOTO       L__main14
0x011B	0x1008      	BCF        RD0_bit, 0
0x011C	0x291E      	GOTO       L__main15
L__main14:
0x011D	0x1408      	BSF        RD0_bit, 0
L__main15:
;transmissor.c,146 :: 		Send_NRF(valor);
0x011E	0x0821      	MOVF       _valor, 0
0x011F	0x00A6      	MOVWF      FARG_Send_NRF_dat
0x0120	0x2044      	CALL       _Send_NRF
;transmissor.c,147 :: 		delay_ms(100);
0x0121	0x3003      	MOVLW      3
0x0122	0x00FB      	MOVWF      R11
0x0123	0x308A      	MOVLW      138
0x0124	0x00FC      	MOVWF      R12
0x0125	0x3055      	MOVLW      85
0x0126	0x00FD      	MOVWF      R13
L_main12:
0x0127	0x0BFD      	DECFSZ     R13, 1
0x0128	0x2927      	GOTO       L_main12
0x0129	0x0BFC      	DECFSZ     R12, 1
0x012A	0x2927      	GOTO       L_main12
0x012B	0x0BFB      	DECFSZ     R11, 1
0x012C	0x2927      	GOTO       L_main12
0x012D	0x0000      	NOP
0x012E	0x0000      	NOP
;transmissor.c,150 :: 		CSN = 0;
0x012F	0x1089      	BCF        RE1_bit, 1
;transmissor.c,151 :: 		SPI1_Write(0xE1);
0x0130	0x30E1      	MOVLW      225
0x0131	0x00A7      	MOVWF      FARG_SPI1_Write_data_
0x0132	0x2017      	CALL       _SPI1_Write
;transmissor.c,152 :: 		CSN = 1;
0x0133	0x1489      	BSF        RE1_bit, 1
;transmissor.c,155 :: 		CSN = 0;
0x0134	0x1089      	BCF        RE1_bit, 1
;transmissor.c,156 :: 		SPI1_Write(0x27);
0x0135	0x3027      	MOVLW      39
0x0136	0x00A7      	MOVWF      FARG_SPI1_Write_data_
0x0137	0x2017      	CALL       _SPI1_Write
;transmissor.c,157 :: 		SPI1_Write(0x70);
0x0138	0x3070      	MOVLW      112
0x0139	0x00A7      	MOVWF      FARG_SPI1_Write_data_
0x013A	0x2017      	CALL       _SPI1_Write
;transmissor.c,158 :: 		CSN = 1;
0x013B	0x1489      	BSF        RE1_bit, 1
;transmissor.c,160 :: 		}
0x013C	0x28EF      	GOTO       L_main3
;transmissor.c,161 :: 		}
0x013D	0x293D      	GOTO       $+0
; end of _main
Symbol List:
//** Routines locations **
//ADDRESS    SIZE    PROCEDURE
//----------------------------------------------
0x0004      [19]    _interrupt
0x0017      [13]    _SPI1_Write
0x0024       [7]    _____DoICP
0x002B      [13]    _SPI1_Init
0x0038      [12]    ___CC2DW
0x0044      [17]    _Send_NRF
0x0055     [107]    _Config_NRF
0x00C0     [126]    _main
//** Variables locations ** 
//ADDRESS    SIZE    VARIABLE
//----------------------------------------------
0x0000       [1]    INDF
0x0001       [1]    TMR0
0x0002       [1]    PCL
0x0003       [0]    Z_bit
0x0003       [0]    NOT_PD_bit
0x0003       [0]    RP1_bit
0x0003       [0]    IRP_bit
0x0003       [0]    NOT_TO_bit
0x0003       [0]    RP0_bit
0x0003       [0]    DC_bit
0x0003       [1]    STATUS
0x0003       [0]    C_bit
0x0004       [1]    FSRPTR
0x0004       [1]    FSR
0x0005       [0]    RA3_bit
0x0005       [0]    RA1_bit
0x0005       [0]    RA2_bit
0x0005       [0]    RA0_bit
0x0005       [0]    RA5_bit
0x0005       [1]    PORTA
0x0005       [0]    RA4_bit
0x0006       [0]    RB7_bit
0x0006       [0]    RB5_bit
0x0006       [0]    RB4_bit
0x0006       [1]    PORTB
0x0006       [0]    RB6_bit
0x0006       [0]    RB2_bit
0x0006       [0]    RB1_bit
0x0006       [0]    RB3_bit
0x0006       [0]    RB0_bit
0x0007       [0]    RC1_bit
0x0007       [0]    RC7_bit
0x0007       [0]    RC0_bit
0x0007       [0]    RC6_bit
0x0007       [0]    RC2_bit
0x0007       [1]    PORTC
0x0007       [0]    RC5_bit
0x0007       [0]    RC3_bit
0x0007       [0]    RC4_bit
0x0008       [0]    RD6_bit
0x0008       [0]    RD7_bit
0x0008       [0]    RD5_bit
0x0008       [0]    RD4_bit
0x0008       [0]    RD2_bit
0x0008       [0]    RD3_bit
0x0008       [0]    RD1_bit
0x0008       [1]    PORTD
0x0008       [0]    RD0_bit
0x0009       [0]    RE2_bit
0x0009       [0]    RE1_bit
0x0009       [0]    RE0_bit
0x0009       [1]    PORTE
0x000A       [1]    PCLATH
0x000B       [0]    RBIE_bit
0x000B       [1]    INTCON
0x000B       [0]    INTF_bit
0x000B       [0]    T0IE_bit
0x000B       [0]    T0IF_bit
0x000B       [0]    TMR0IF_bit
0x000B       [0]    RBIF_bit
0x000B       [0]    INTE_bit
0x000B       [0]    PEIE_bit
0x000B       [0]    TMR0IE_bit
0x000B       [0]    GIE_bit
0x000C       [0]    PSPIF_bit
0x000C       [0]    ADIF_bit
0x000C       [0]    TMR2IF_bit
0x000C       [0]    TXIF_bit
0x000C       [0]    RCIF_bit
0x000C       [0]    SSPIF_bit
0x000C       [0]    TMR1IF_bit
0x000C       [0]    CCP1IF_bit
0x000C       [1]    PIR1
0x000D       [0]    BCLIF_bit
0x000D       [0]    CCP2IF_bit
0x000D       [0]    EEIF_bit
0x000D       [1]    PIR2
0x000D       [0]    CMIF_bit
0x000E       [1]    TMR1L
0x000F       [1]    TMR1H
0x0010       [0]    T1INSYNC_bit
0x0010       [0]    TMR1ON_bit
0x0010       [1]    T1CON
0x0010       [0]    TMR1CS_bit
0x0010       [0]    T1SYNC_bit
0x0010       [0]    T1CKPS1_bit
0x0010       [0]    T1CKPS0_bit
0x0010       [0]    T1OSCEN_bit
0x0010       [0]    NOT_T1SYNC_bit
0x0011       [1]    TMR2
0x0012       [0]    T2CKPS1_bit
0x0012       [1]    T2CON
0x0012       [0]    TMR2ON_bit
0x0012       [0]    TOUTPS1_bit
0x0012       [0]    T2CKPS0_bit
0x0012       [0]    TOUTPS0_bit
0x0012       [0]    TOUTPS3_bit
0x0012       [0]    TOUTPS2_bit
0x0013       [1]    SSPBUF
0x0014       [0]    SSPM3_bit
0x0014       [0]    SSPEN_bit
0x0014       [0]    CKP_bit
0x0014       [1]    SSPCON
0x0014       [0]    SSPM2_bit
0x0014       [0]    SSPM1_bit
0x0014       [0]    SSPM0_bit
0x0014       [0]    WCOL_bit
0x0014       [0]    SSPOV_bit
0x0015       [2]    CCPR1
0x0015       [1]    CCPR1L
0x0016       [1]    CCPR1H
0x0017       [0]    CCP1M3_bit
0x0017       [0]    CCP1M2_bit
0x0017       [0]    CCP1Y_bit
0x0017       [0]    CCP1X_bit
0x0017       [1]    CCP1CON
0x0017       [0]    CCP1M1_bit
0x0017       [0]    CCP1M0_bit
0x0018       [0]    SPEN_bit
0x0018       [0]    RC8_9_bit
0x0018       [0]    RC9_bit
0x0018       [0]    NOT_RC8_bit
0x0018       [0]    RX9_bit
0x0018       [0]    RX9D_bit
0x0018       [0]    OERR_bit
0x0018       [0]    RCD8_bit
0x0018       [1]    RCSTA
0x0018       [0]    FERR_bit
0x0018       [0]    ADDEN_bit
0x0018       [0]    CREN_bit
0x0018       [0]    SREN_bit
0x0019       [1]    TXREG
0x001A       [1]    RCREG
0x001B       [1]    CCPR2L
0x001B       [2]    CCPR2
0x001C       [1]    CCPR2H
0x001D       [0]    CCP2X_bit
0x001D       [0]    CCP2M0_bit
0x001D       [1]    CCP2CON
0x001D       [0]    CCP2M1_bit
0x001D       [0]    CCP2M3_bit
0x001D       [0]    CCP2M2_bit
0x001D       [0]    CCP2Y_bit
0x001E       [1]    ADRESH
0x001F       [0]    CHS0_bit
0x001F       [0]    ADON_bit
0x001F       [0]    GO_bit
0x001F       [0]    GO_DONE_bit
0x001F       [0]    NOT_DONE_bit
0x001F       [0]    ADCS1_bit
0x001F       [0]    ADCS0_bit
0x001F       [0]    CHS2_bit
0x001F       [0]    CHS1_bit
0x001F       [1]    ADCON0
0x0020       [1]    _flag
0x0021       [1]    _valor
0x0022       [2]    ___DoICPAddr
0x0024       [1]    ___saveSTATUS
0x0025       [1]    ___savePCLATH
0x0026       [1]    FARG_Send_NRF_dat
0x0027       [1]    FARG_SPI1_Write_data_
0x0070       [1]    R0
0x0071       [1]    R1
0x0072       [1]    R2
0x0073       [1]    R3
0x0074       [1]    R4
0x0075       [1]    R5
0x0076       [1]    R6
0x0077       [1]    R7
0x0078       [1]    R8
0x0079       [1]    R9
0x007A       [1]    R10
0x007B       [1]    R11
0x007C       [1]    R12
0x007D       [1]    R13
0x007E       [1]    R14
0x007F       [1]    R15
0x0081       [0]    NOT_RBPU_bit
0x0081       [1]    OPTION_REG
0x0081       [0]    INTEDG_bit
0x0081       [0]    T0CS_bit
0x0081       [0]    PS2_bit
0x0081       [0]    PS0_bit
0x0081       [0]    PSA_bit
0x0081       [0]    T0SE_bit
0x0081       [0]    PS1_bit
0x0085       [0]    TRISA2_bit
0x0085       [0]    TRISA1_bit
0x0085       [0]    TRISA0_bit
0x0085       [0]    TRISA5_bit
0x0085       [0]    TRISA4_bit
0x0085       [0]    TRISA3_bit
0x0085       [1]    TRISA
0x0086       [0]    TRISB2_bit
0x0086       [0]    TRISB3_bit
0x0086       [0]    TRISB0_bit
0x0086       [0]    TRISB1_bit
0x0086       [0]    TRISB4_bit
0x0086       [0]    TRISB5_bit
0x0086       [0]    TRISB6_bit
0x0086       [0]    TRISB7_bit
0x0086       [1]    TRISB
0x0087       [0]    TRISC2_bit
0x0087       [0]    TRISC3_bit
0x0087       [0]    TRISC0_bit
0x0087       [0]    TRISC1_bit
0x0087       [0]    TRISC6_bit
0x0087       [0]    TRISC7_bit
0x0087       [0]    TRISC4_bit
0x0087       [0]    TRISC5_bit
0x0087       [1]    TRISC
0x0088       [0]    TRISD3_bit
0x0088       [0]    TRISD2_bit
0x0088       [1]    TRISD
0x0088       [0]    TRISD7_bit
0x0088       [0]    TRISD1_bit
0x0088       [0]    TRISD5_bit
0x0088       [0]    TRISD6_bit
0x0088       [0]    TRISD0_bit
0x0088       [0]    TRISD4_bit
0x0089       [0]    TRISE0_bit
0x0089       [0]    TRISE2_bit
0x0089       [0]    TRISE1_bit
0x0089       [1]    TRISE
0x0089       [0]    OBF_TRISE_bit
0x0089       [0]    IBF_TRISE_bit
0x0089       [0]    PSPMODE_TRISE_bit
0x0089       [0]    IBOV_TRISE_bit
0x0089       [0]    IBOV_bit
0x0089       [0]    PSPMODE_bit
0x0089       [0]    IBF_bit
0x0089       [0]    OBF_bit
0x008C       [0]    RCIE_bit
0x008C       [1]    PIE1
0x008C       [0]    PSPIE_bit
0x008C       [0]    ADIE_bit
0x008C       [0]    CCP1IE_bit
0x008C       [0]    TMR2IE_bit
0x008C       [0]    TXIE_bit
0x008C       [0]    SSPIE_bit
0x008C       [0]    TMR1IE_bit
0x008D       [1]    PIE2
0x008D       [0]    CMIE_bit
0x008D       [0]    CCP2IE_bit
0x008D       [0]    BCLIE_bit
0x008D       [0]    EEIE_bit
0x008E       [1]    PCON
0x008E       [0]    NOT_BOR_bit
0x008E       [0]    NOT_BO_bit
0x008E       [0]    NOT_POR_bit
0x0091       [1]    SSPCON2
0x0091       [0]    ACKSTAT_bit
0x0091       [0]    GCEN_bit
0x0091       [0]    SEN_bit
0x0091       [0]    RSEN_bit
0x0091       [0]    PEN_bit
0x0091       [0]    ACKEN_bit
0x0091       [0]    ACKDT_bit
0x0091       [0]    RCEN_bit
0x0092       [1]    PR2
0x0093       [1]    SSPADD
0x0094       [0]    CKE_bit
0x0094       [0]    NOT_WRITE_bit
0x0094       [0]    I2C_READ_bit
0x0094       [0]    NOT_W_bit
0x0094       [0]    R_bit
0x0094       [0]    READ_WRITE_bit
0x0094       [0]    I2C_START__bit
0x0094       [0]    R_W_bit
0x0094       [0]    I2C_STOP__bit
0x0094       [0]    DATA_ADDRESS_bit
0x0094       [0]    D_A_bit
0x0094       [0]    BF_bit
0x0094       [0]    SMP_bit
0x0094       [0]    P_bit
0x0094       [1]    SSPSTAT
0x0094       [0]    D_bit
0x0094       [0]    UA_bit
0x0094       [0]    S_bit
0x0094       [0]    I2C_DATA_bit
0x0094       [0]    NOT_ADDRESS_bit
0x0094       [0]    NOT_A_bit
0x0098       [1]    TXSTA
0x0098       [0]    BRGH_bit
0x0098       [0]    SYNC_bit
0x0098       [0]    TXEN_bit
0x0098       [0]    TXD8_bit
0x0098       [0]    TX9D_bit
0x0098       [0]    TRMT_bit
0x0098       [0]    TX9_bit
0x0098       [0]    CSRC_bit
0x0098       [0]    TX8_9_bit
0x0098       [0]    NOT_TX8_bit
0x0099       [1]    SPBRG
0x009C       [0]    C1OUT_bit
0x009C       [0]    C2OUT_bit
0x009C       [1]    CMCON
0x009C       [0]    C2INV_bit
0x009C       [0]    CM1_bit
0x009C       [0]    CM0_bit
0x009C       [0]    CM2_bit
0x009C       [0]    C1INV_bit
0x009C       [0]    CIS_bit
0x009D       [0]    CVR1_bit
0x009D       [0]    CVR2_bit
0x009D       [1]    CVRCON
0x009D       [0]    CVR0_bit
0x009D       [0]    CVROE_bit
0x009D       [0]    CVREN_bit
0x009D       [0]    CVR3_bit
0x009D       [0]    CVRR_bit
0x009E       [1]    ADRESL
0x009F       [0]    PCFG3_bit
0x009F       [0]    ADCS2_bit
0x009F       [0]    ADFM_bit
0x009F       [0]    PCFG0_bit
0x009F       [0]    PCFG1_bit
0x009F       [0]    PCFG2_bit
0x009F       [1]    ADCON1
0x010C       [1]    EEDATA
0x010D       [1]    EEADR
0x010E       [1]    EEDATH
0x010F       [1]    EEADRH
0x018C       [0]    WREN_bit
0x018C       [0]    WR_bit
0x018C       [0]    RD_bit
0x018C       [1]    EECON1
0x018C       [0]    EEPGD_bit
0x018C       [0]    WRERR_bit
0x018D       [1]    EECON2
//** Label List: ** 
//----------------------------------------------
  L_interrupt0
  L_Send_NRF1
  L_main2
  L_main3
  L_main4
  L_main5
  L_main6
  L_main7
  L_main8
  L_main9
  L_main10
  L_main11
  L_main12
  _interrupt
  L__interrupt13
  _Config_NRF
  _Send_NRF
  _main
  L__main14
  L__main15
  L_SPI1_Init_Advanced0
  L_SPI1_Init_Advanced1
  L_SPI1_Init_Advanced2
  L_SPI1_Init_Advanced3
  L_SPI1_Init_Advanced4
  L_SPI1_Init_Advanced5
  L_SPI1_Read6
  L_SPI1_Read7
  L_SPI1_Write8
  L_SPI1_Write9
  _SPI1_Init
  _SPI1_Init_Advanced
  _SPI1_Read
  _SPI1_Write
  _CC2D_Loop1
  _____DoICP
  _____DoIFC
  ___CC2DW
  _Swap
  L_interrupt0
  L_Send_NRF1
  L_main2
  L_main3
  L_main4
  L_main5
  L_main6
  L_main7
  L_main8
  L_main9
  L_main10
  L_main11
  L_main12
  _interrupt
  L__interrupt13
  _Config_NRF
  _Send_NRF
  _main
  L__main14
  L__main15
